<?xml version="1.0" encoding="UTF-8" standalone="no"?>
<testsuite errors="0" failures="11" name="io.cucumber.core.plugin.JUnitFormatter" skipped="0" tests="19" time="699.769">
    <testcase classname="Atnt HomePage Functionality Check." name="Att deals button Functionality check with valid data" time="5.965">
        <system-out>
            <![CDATA[Given I am in att homepage..................................................passed
When I click Deals Button...................................................passed
Then I verify Wireless is appear properly...................................passed
And I verify page title as AT&T Deals on Phones, Wireless Plans, Internet & TV Services.passed
]]>
        </system-out>
    </testcase>
    <testcase classname="Atnt HomePage Functionality Check." name="Att Wireless button Functionality check with valid data" time="4.972">
        <system-out>
            <![CDATA[Given I am in att homepage..................................................passed
When I click Wireless Button................................................passed
Then I verify LEARN HOW TO is appear properly...............................passed
And I verify page title as AT&T Wireless – Latest Phones & Best Wireless Plans.passed
]]>
        </system-out>
    </testcase>
    <testcase classname="Atnt HomePage Functionality Check." name="Att Internet button Functionality check with valid data" time="5.431">
        <system-out>
            <![CDATA[Given I am in att homepage..................................................passed
When I click internet Button................................................passed
Then I verify AT&T INTERNET is appear properly..............................passed
And I verify page title as AT&T Internet Plans - Home Internet - AT&T® Official Site.passed
]]>
        </system-out>
    </testcase>
    <testcase classname="Atnt HomePage Functionality Check." name="Att TV button Functionality check with valid data" time="11.185">
        <system-out>
            <![CDATA[Given I am in att homepage..................................................passed
When I click TV Button......................................................passed
And I click on shop now button..............................................passed
Then I verify Choose a TV package is appear properly........................passed
And I verify page title as Shop AT&T Bundles................................passed
]]>
        </system-out>
    </testcase>
    <testcase classname="Atnt HomePage Functionality Check." name="Atnt Sign Up Functionality check with invalid credentials" time="174.447">
        <system-out>
            <![CDATA[Given I am in att homepage..................................................passed
And I click accountIcon.....................................................passed
And I click singInButton....................................................passed
When I click on CreateButton................................................passed
And I click wireless radioButton and continueButton.........................passed
Then I enter phoneNumber and zipCode........................................passed
When I click continueButton.................................................passed
And I should be get en error message........................................passed
]]>
        </system-out>
    </testcase>
    <testcase classname="Atnt HomePage Functionality Check." name="Check signIn with invalid credentials" time="90.052">
        <system-out>
            <![CDATA[Given I am in att homepage..................................................passed
And I on signIn page........................................................passed
When I enter userName and passWord..........................................passed
And I click on signIn button................................................passed
Then I am getting error message.............................................passed
]]>
        </system-out>
    </testcase>
    <testcase classname="Atnt HomePage Functionality Check." name="Login into att using Data Driven" time="109.003">
        <failure message="no such element: Unable to locate element: {&quot;method&quot;:&quot;xpath&quot;,&quot;selector&quot;:&quot;//div[@id='errorDescArea']&quot;}&#10;  (Session info: chrome=85.0.4183.121)&#10;For documentation on this error, please visit: https://www.seleniumhq.org/exceptions/no_such_element.html&#10;Build info: version: '3.141.59', revision: 'e82be7d358', time: '2018-11-14T08:17:03'&#10;System info: host: 'Armans-MacBook-Pro.local', ip: 'fe80:0:0:0:ccc:17c9:423e:5581%en0', os.name: 'Mac OS X', os.arch: 'x86_64', os.version: '10.15.6', java.version: '11.0.7'&#10;Driver info: org.openqa.selenium.chrome.ChromeDriver&#10;Capabilities {acceptInsecureCerts: false, browserName: chrome, browserVersion: 85.0.4183.121, chrome: {chromedriverVersion: 85.0.4183.87 (cd6713ebf92fa..., userDataDir: /var/folders/kc/1437tkvj79j...}, goog:chromeOptions: {debuggerAddress: localhost:61738}, javascriptEnabled: true, networkConnectionEnabled: false, pageLoadStrategy: normal, platform: MAC, platformName: MAC, proxy: Proxy(), setWindowRect: true, strictFileInteractability: false, timeouts: {implicit: 0, pageLoad: 300000, script: 30000}, unhandledPromptBehavior: dismiss and notify, webauthn:virtualAuthenticators: true}&#10;Session ID: 5d829393a4c48e4eca47698fa9bf697a&#10;*** Element info: {Using=xpath, value=//div[@id='errorDescArea']}" type="org.openqa.selenium.NoSuchElementException">
            <![CDATA[Given I am in att homepage..................................................passed
And I on signIn page........................................................passed
And I enter email as "admin@pnt.com" and password as "admin"................passed
And I click on signIn button................................................passed
Then I am getting error message.............................................failed

StackTrace:
org.openqa.selenium.NoSuchElementException: no such element: Unable to locate element: {"method":"xpath","selector":"//div[@id='errorDescArea']"}
  (Session info: chrome=85.0.4183.121)
For documentation on this error, please visit: https://www.seleniumhq.org/exceptions/no_such_element.html
Build info: version: '3.141.59', revision: 'e82be7d358', time: '2018-11-14T08:17:03'
System info: host: 'Armans-MacBook-Pro.local', ip: 'fe80:0:0:0:ccc:17c9:423e:5581%en0', os.name: 'Mac OS X', os.arch: 'x86_64', os.version: '10.15.6', java.version: '11.0.7'
Driver info: org.openqa.selenium.chrome.ChromeDriver
Capabilities {acceptInsecureCerts: false, browserName: chrome, browserVersion: 85.0.4183.121, chrome: {chromedriverVersion: 85.0.4183.87 (cd6713ebf92fa..., userDataDir: /var/folders/kc/1437tkvj79j...}, goog:chromeOptions: {debuggerAddress: localhost:61738}, javascriptEnabled: true, networkConnectionEnabled: false, pageLoadStrategy: normal, platform: MAC, platformName: MAC, proxy: Proxy(), setWindowRect: true, strictFileInteractability: false, timeouts: {implicit: 0, pageLoad: 300000, script: 30000}, unhandledPromptBehavior: dismiss and notify, webauthn:virtualAuthenticators: true}
Session ID: 5d829393a4c48e4eca47698fa9bf697a
*** Element info: {Using=xpath, value=//div[@id='errorDescArea']}
	at jdk.internal.reflect.GeneratedConstructorAccessor13.newInstance(Unknown Source)
	at java.base/jdk.internal.reflect.DelegatingConstructorAccessorImpl.newInstance(DelegatingConstructorAccessorImpl.java:45)
	at java.base/java.lang.reflect.Constructor.newInstance(Constructor.java:490)
	at org.openqa.selenium.remote.http.W3CHttpResponseCodec.createException(W3CHttpResponseCodec.java:187)
	at org.openqa.selenium.remote.http.W3CHttpResponseCodec.decode(W3CHttpResponseCodec.java:122)
	at org.openqa.selenium.remote.http.W3CHttpResponseCodec.decode(W3CHttpResponseCodec.java:49)
	at org.openqa.selenium.remote.HttpCommandExecutor.execute(HttpCommandExecutor.java:158)
	at org.openqa.selenium.remote.service.DriverCommandExecutor.execute(DriverCommandExecutor.java:83)
	at org.openqa.selenium.remote.RemoteWebDriver.execute(RemoteWebDriver.java:552)
	at org.openqa.selenium.remote.RemoteWebDriver.findElement(RemoteWebDriver.java:323)
	at org.openqa.selenium.remote.RemoteWebDriver.findElementByXPath(RemoteWebDriver.java:428)
	at org.openqa.selenium.By$ByXPath.findElement(By.java:353)
	at org.openqa.selenium.remote.RemoteWebDriver.findElement(RemoteWebDriver.java:315)
	at atnthome.AtntHome.validateSignInPage(AtntHome.java:194)
	at stepdefinitions.StepDefinitions.i_am_getting_error_message(StepDefinitions.java:182)
	at ✽.I am getting error message(file:///Users/arman430/IdeaProjects/BDDWebAutomationFramework_WA_NY_Team2/ATNT/src/test/java/features/HomePage.feature:53)
]]>
        </failure>
    </testcase>
    <testcase classname="Atnt HomePage Functionality Check." name="Login into att using Data Driven 2" time="109.545">
        <failure message="no such element: Unable to locate element: {&quot;method&quot;:&quot;xpath&quot;,&quot;selector&quot;:&quot;//div[@id='errorDescArea']&quot;}&#10;  (Session info: chrome=85.0.4183.121)&#10;For documentation on this error, please visit: https://www.seleniumhq.org/exceptions/no_such_element.html&#10;Build info: version: '3.141.59', revision: 'e82be7d358', time: '2018-11-14T08:17:03'&#10;System info: host: 'Armans-MacBook-Pro.local', ip: 'fe80:0:0:0:ccc:17c9:423e:5581%en0', os.name: 'Mac OS X', os.arch: 'x86_64', os.version: '10.15.6', java.version: '11.0.7'&#10;Driver info: org.openqa.selenium.chrome.ChromeDriver&#10;Capabilities {acceptInsecureCerts: false, browserName: chrome, browserVersion: 85.0.4183.121, chrome: {chromedriverVersion: 85.0.4183.87 (cd6713ebf92fa..., userDataDir: /var/folders/kc/1437tkvj79j...}, goog:chromeOptions: {debuggerAddress: localhost:61846}, javascriptEnabled: true, networkConnectionEnabled: false, pageLoadStrategy: normal, platform: MAC, platformName: MAC, proxy: Proxy(), setWindowRect: true, strictFileInteractability: false, timeouts: {implicit: 0, pageLoad: 300000, script: 30000}, unhandledPromptBehavior: dismiss and notify, webauthn:virtualAuthenticators: true}&#10;Session ID: a55cfba303ec4f209b8c2ed5834fc9b0&#10;*** Element info: {Using=xpath, value=//div[@id='errorDescArea']}" type="org.openqa.selenium.NoSuchElementException">
            <![CDATA[Given I am in att homepage..................................................passed
And I on signIn page........................................................passed
And I enter email as "oalKarim@gmail.com" and password as "15021972"........passed
And I click on signIn button................................................passed
Then I am getting error message.............................................failed

StackTrace:
org.openqa.selenium.NoSuchElementException: no such element: Unable to locate element: {"method":"xpath","selector":"//div[@id='errorDescArea']"}
  (Session info: chrome=85.0.4183.121)
For documentation on this error, please visit: https://www.seleniumhq.org/exceptions/no_such_element.html
Build info: version: '3.141.59', revision: 'e82be7d358', time: '2018-11-14T08:17:03'
System info: host: 'Armans-MacBook-Pro.local', ip: 'fe80:0:0:0:ccc:17c9:423e:5581%en0', os.name: 'Mac OS X', os.arch: 'x86_64', os.version: '10.15.6', java.version: '11.0.7'
Driver info: org.openqa.selenium.chrome.ChromeDriver
Capabilities {acceptInsecureCerts: false, browserName: chrome, browserVersion: 85.0.4183.121, chrome: {chromedriverVersion: 85.0.4183.87 (cd6713ebf92fa..., userDataDir: /var/folders/kc/1437tkvj79j...}, goog:chromeOptions: {debuggerAddress: localhost:61846}, javascriptEnabled: true, networkConnectionEnabled: false, pageLoadStrategy: normal, platform: MAC, platformName: MAC, proxy: Proxy(), setWindowRect: true, strictFileInteractability: false, timeouts: {implicit: 0, pageLoad: 300000, script: 30000}, unhandledPromptBehavior: dismiss and notify, webauthn:virtualAuthenticators: true}
Session ID: a55cfba303ec4f209b8c2ed5834fc9b0
*** Element info: {Using=xpath, value=//div[@id='errorDescArea']}
	at jdk.internal.reflect.GeneratedConstructorAccessor13.newInstance(Unknown Source)
	at java.base/jdk.internal.reflect.DelegatingConstructorAccessorImpl.newInstance(DelegatingConstructorAccessorImpl.java:45)
	at java.base/java.lang.reflect.Constructor.newInstance(Constructor.java:490)
	at org.openqa.selenium.remote.http.W3CHttpResponseCodec.createException(W3CHttpResponseCodec.java:187)
	at org.openqa.selenium.remote.http.W3CHttpResponseCodec.decode(W3CHttpResponseCodec.java:122)
	at org.openqa.selenium.remote.http.W3CHttpResponseCodec.decode(W3CHttpResponseCodec.java:49)
	at org.openqa.selenium.remote.HttpCommandExecutor.execute(HttpCommandExecutor.java:158)
	at org.openqa.selenium.remote.service.DriverCommandExecutor.execute(DriverCommandExecutor.java:83)
	at org.openqa.selenium.remote.RemoteWebDriver.execute(RemoteWebDriver.java:552)
	at org.openqa.selenium.remote.RemoteWebDriver.findElement(RemoteWebDriver.java:323)
	at org.openqa.selenium.remote.RemoteWebDriver.findElementByXPath(RemoteWebDriver.java:428)
	at org.openqa.selenium.By$ByXPath.findElement(By.java:353)
	at org.openqa.selenium.remote.RemoteWebDriver.findElement(RemoteWebDriver.java:315)
	at atnthome.AtntHome.validateSignInPage(AtntHome.java:194)
	at stepdefinitions.StepDefinitions.i_am_getting_error_message(StepDefinitions.java:182)
	at ✽.I am getting error message(file:///Users/arman430/IdeaProjects/BDDWebAutomationFramework_WA_NY_Team2/ATNT/src/test/java/features/HomePage.feature:53)
]]>
        </failure>
    </testcase>
    <testcase classname="Atnt HomePage Functionality Check." name="Login into att using Data Driven 3" time="109.533">
        <failure message="no such element: Unable to locate element: {&quot;method&quot;:&quot;xpath&quot;,&quot;selector&quot;:&quot;//div[@id='errorDescArea']&quot;}&#10;  (Session info: chrome=85.0.4183.121)&#10;For documentation on this error, please visit: https://www.seleniumhq.org/exceptions/no_such_element.html&#10;Build info: version: '3.141.59', revision: 'e82be7d358', time: '2018-11-14T08:17:03'&#10;System info: host: 'Armans-MacBook-Pro.local', ip: 'fe80:0:0:0:ccc:17c9:423e:5581%en0', os.name: 'Mac OS X', os.arch: 'x86_64', os.version: '10.15.6', java.version: '11.0.7'&#10;Driver info: org.openqa.selenium.chrome.ChromeDriver&#10;Capabilities {acceptInsecureCerts: false, browserName: chrome, browserVersion: 85.0.4183.121, chrome: {chromedriverVersion: 85.0.4183.87 (cd6713ebf92fa..., userDataDir: /var/folders/kc/1437tkvj79j...}, goog:chromeOptions: {debuggerAddress: localhost:61981}, javascriptEnabled: true, networkConnectionEnabled: false, pageLoadStrategy: normal, platform: MAC, platformName: MAC, proxy: Proxy(), setWindowRect: true, strictFileInteractability: false, timeouts: {implicit: 0, pageLoad: 300000, script: 30000}, unhandledPromptBehavior: dismiss and notify, webauthn:virtualAuthenticators: true}&#10;Session ID: 35be4ec6cb86c2d8b16fa92ba17d9fc7&#10;*** Element info: {Using=xpath, value=//div[@id='errorDescArea']}" type="org.openqa.selenium.NoSuchElementException">
            <![CDATA[Given I am in att homepage..................................................passed
And I on signIn page........................................................passed
And I enter email as "mikedavid@gmail.com" and password as "01012010".......passed
And I click on signIn button................................................passed
Then I am getting error message.............................................failed

StackTrace:
org.openqa.selenium.NoSuchElementException: no such element: Unable to locate element: {"method":"xpath","selector":"//div[@id='errorDescArea']"}
  (Session info: chrome=85.0.4183.121)
For documentation on this error, please visit: https://www.seleniumhq.org/exceptions/no_such_element.html
Build info: version: '3.141.59', revision: 'e82be7d358', time: '2018-11-14T08:17:03'
System info: host: 'Armans-MacBook-Pro.local', ip: 'fe80:0:0:0:ccc:17c9:423e:5581%en0', os.name: 'Mac OS X', os.arch: 'x86_64', os.version: '10.15.6', java.version: '11.0.7'
Driver info: org.openqa.selenium.chrome.ChromeDriver
Capabilities {acceptInsecureCerts: false, browserName: chrome, browserVersion: 85.0.4183.121, chrome: {chromedriverVersion: 85.0.4183.87 (cd6713ebf92fa..., userDataDir: /var/folders/kc/1437tkvj79j...}, goog:chromeOptions: {debuggerAddress: localhost:61981}, javascriptEnabled: true, networkConnectionEnabled: false, pageLoadStrategy: normal, platform: MAC, platformName: MAC, proxy: Proxy(), setWindowRect: true, strictFileInteractability: false, timeouts: {implicit: 0, pageLoad: 300000, script: 30000}, unhandledPromptBehavior: dismiss and notify, webauthn:virtualAuthenticators: true}
Session ID: 35be4ec6cb86c2d8b16fa92ba17d9fc7
*** Element info: {Using=xpath, value=//div[@id='errorDescArea']}
	at jdk.internal.reflect.GeneratedConstructorAccessor13.newInstance(Unknown Source)
	at java.base/jdk.internal.reflect.DelegatingConstructorAccessorImpl.newInstance(DelegatingConstructorAccessorImpl.java:45)
	at java.base/java.lang.reflect.Constructor.newInstance(Constructor.java:490)
	at org.openqa.selenium.remote.http.W3CHttpResponseCodec.createException(W3CHttpResponseCodec.java:187)
	at org.openqa.selenium.remote.http.W3CHttpResponseCodec.decode(W3CHttpResponseCodec.java:122)
	at org.openqa.selenium.remote.http.W3CHttpResponseCodec.decode(W3CHttpResponseCodec.java:49)
	at org.openqa.selenium.remote.HttpCommandExecutor.execute(HttpCommandExecutor.java:158)
	at org.openqa.selenium.remote.service.DriverCommandExecutor.execute(DriverCommandExecutor.java:83)
	at org.openqa.selenium.remote.RemoteWebDriver.execute(RemoteWebDriver.java:552)
	at org.openqa.selenium.remote.RemoteWebDriver.findElement(RemoteWebDriver.java:323)
	at org.openqa.selenium.remote.RemoteWebDriver.findElementByXPath(RemoteWebDriver.java:428)
	at org.openqa.selenium.By$ByXPath.findElement(By.java:353)
	at org.openqa.selenium.remote.RemoteWebDriver.findElement(RemoteWebDriver.java:315)
	at atnthome.AtntHome.validateSignInPage(AtntHome.java:194)
	at stepdefinitions.StepDefinitions.i_am_getting_error_message(StepDefinitions.java:182)
	at ✽.I am getting error message(file:///Users/arman430/IdeaProjects/BDDWebAutomationFramework_WA_NY_Team2/ATNT/src/test/java/features/HomePage.feature:53)
]]>
        </failure>
    </testcase>
    <testcase classname="Atnt HomePage Functionality Check." name="Att menu burgerButton test" time="4.408">
        <system-out>
            <![CDATA[Given I am in att homepage..................................................passed
When I click on burgerButton................................................passed
And I select wireless and click on Explore Wireless.........................passed
And I verify page title.....................................................passed
]]>
        </system-out>
    </testcase>
    <testcase classname="Atnt HomePage Functionality Check." name="Att searchBox functionality check with valid data" time="4.508">
        <failure message="Step [I enter Apple iPhone {int} in searchBox] is defined with 0 parameters at 'stepdefinitions.StepDefinitions.i_enter_iphone_in_search_box()'.&#10;However, the gherkin step has 1 arguments:&#10; * 11&#10;Step text: I enter Apple iPhone 11 in searchBox" type="io.cucumber.core.exception.CucumberException">
            <![CDATA[Given I am in att homepage..................................................passed
And I enter Apple iPhone 11 in searchBox....................................failed
When I click searchButton...................................................skipped
Then I verify Apple iPhone 11 is appear properly............................skipped
And I verify page title as iphone 11........................................skipped

StackTrace:
io.cucumber.core.exception.CucumberException: Step [I enter Apple iPhone {int} in searchBox] is defined with 0 parameters at 'stepdefinitions.StepDefinitions.i_enter_iphone_in_search_box()'.
However, the gherkin step has 1 arguments:
 * 11
Step text: I enter Apple iPhone 11 in searchBox
	at io.cucumber.core.runner.PickleStepDefinitionMatch.arityMismatch(PickleStepDefinitionMatch.java:83)
	at io.cucumber.core.runner.PickleStepDefinitionMatch.runStep(PickleStepDefinitionMatch.java:42)
	at io.cucumber.core.runner.TestStep.executeStep(TestStep.java:92)
	at io.cucumber.core.runner.TestStep.run(TestStep.java:63)
	at io.cucumber.core.runner.PickleStepTestStep.run(PickleStepTestStep.java:49)
	at io.cucumber.core.runner.TestCase.run(TestCase.java:99)
	at io.cucumber.core.runner.Runner.runPickle(Runner.java:71)
	at io.cucumber.junit.PickleRunners$NoStepDescriptions.run(PickleRunners.java:151)
	at io.cucumber.junit.FeatureRunner.runChild(FeatureRunner.java:135)
	at io.cucumber.junit.FeatureRunner.runChild(FeatureRunner.java:27)
	at org.junit.runners.ParentRunner$4.run(ParentRunner.java:331)
	at org.junit.runners.ParentRunner$1.schedule(ParentRunner.java:79)
	at org.junit.runners.ParentRunner.runChildren(ParentRunner.java:329)
	at org.junit.runners.ParentRunner.access$100(ParentRunner.java:66)
	at org.junit.runners.ParentRunner$2.evaluate(ParentRunner.java:293)
	at org.junit.runners.ParentRunner$3.evaluate(ParentRunner.java:306)
	at org.junit.runners.ParentRunner.run(ParentRunner.java:413)
	at io.cucumber.junit.Cucumber.runChild(Cucumber.java:199)
	at io.cucumber.junit.Cucumber.runChild(Cucumber.java:90)
	at org.junit.runners.ParentRunner$4.run(ParentRunner.java:331)
	at org.junit.runners.ParentRunner$1.schedule(ParentRunner.java:79)
	at org.junit.runners.ParentRunner.runChildren(ParentRunner.java:329)
	at org.junit.runners.ParentRunner.access$100(ParentRunner.java:66)
	at org.junit.runners.ParentRunner$2.evaluate(ParentRunner.java:293)
	at io.cucumber.junit.Cucumber$RunCucumber.evaluate(Cucumber.java:234)
	at org.junit.runners.ParentRunner$3.evaluate(ParentRunner.java:306)
	at org.junit.runners.ParentRunner.run(ParentRunner.java:413)
	at org.junit.runner.JUnitCore.run(JUnitCore.java:137)
	at com.intellij.junit4.JUnit4IdeaTestRunner.startRunnerWithArgs(JUnit4IdeaTestRunner.java:68)
	at com.intellij.rt.junit.IdeaTestRunner$Repeater.startRunnerWithArgs(IdeaTestRunner.java:33)
	at com.intellij.rt.junit.JUnitStarter.prepareStreamsAndStart(JUnitStarter.java:230)
	at com.intellij.rt.junit.JUnitStarter.main(JUnitStarter.java:58)
]]>
        </failure>
    </testcase>
    <testcase classname="Atnt HomePage Functionality Check." name="Att searchBox functionality check with valid data 2" time="8.978">
        <system-out>
            <![CDATA[Given I am in att homepage..................................................passed
And I enter "Apple iPhone 11" in searchBox..................................passed
When I click searchButton...................................................passed
Then I validate "Apple iPhone 11" is appear properly........................passed
And I validate page title as iphone 11......................................passed
]]>
        </system-out>
    </testcase>
    <testcase classname="Atnt HomePage Functionality Check." name="Att searchBox check with multiple value using data driven" time="6.189">
        <failure message="Could not invoke step [I validate &quot;Showing results for &quot;Apple iPhone {int}&quot;.&quot; is appear properly] defined at 'stepdefinitions.StepDefinitions.i_validate_showing_results_for_apple_i_phone_is_appear_properly(java.lang.String)'.&#10;It appears there was a problem with the step definition.&#10;The converted arguments types were (java.lang.Integer)" type="io.cucumber.core.exception.CucumberException">
            <![CDATA[Given I am in att homepage..................................................passed
And I enter "Apple iPhone 11" in searchBox..................................passed
When I click searchButton...................................................passed
And I validate "Showing results for "Apple iPhone 11"." is appear properly..failed
And I validate page title as "Results for Apple iPhones 11 - AT&T Search"...skipped

StackTrace:
io.cucumber.core.exception.CucumberException: Could not invoke step [I validate "Showing results for "Apple iPhone {int}"." is appear properly] defined at 'stepdefinitions.StepDefinitions.i_validate_showing_results_for_apple_i_phone_is_appear_properly(java.lang.String)'.
It appears there was a problem with the step definition.
The converted arguments types were (java.lang.Integer)
	at io.cucumber.core.runner.PickleStepDefinitionMatch.couldNotInvokeStep(PickleStepDefinitionMatch.java:130)
	at io.cucumber.core.runner.PickleStepDefinitionMatch.runStep(PickleStepDefinitionMatch.java:65)
	at io.cucumber.core.runner.TestStep.executeStep(TestStep.java:92)
	at io.cucumber.core.runner.TestStep.run(TestStep.java:63)
	at io.cucumber.core.runner.PickleStepTestStep.run(PickleStepTestStep.java:49)
	at io.cucumber.core.runner.TestCase.run(TestCase.java:99)
	at io.cucumber.core.runner.Runner.runPickle(Runner.java:71)
	at io.cucumber.junit.PickleRunners$NoStepDescriptions.run(PickleRunners.java:151)
	at io.cucumber.junit.FeatureRunner.runChild(FeatureRunner.java:135)
	at io.cucumber.junit.FeatureRunner.runChild(FeatureRunner.java:27)
	at org.junit.runners.ParentRunner$4.run(ParentRunner.java:331)
	at org.junit.runners.ParentRunner$1.schedule(ParentRunner.java:79)
	at org.junit.runners.ParentRunner.runChildren(ParentRunner.java:329)
	at org.junit.runners.ParentRunner.access$100(ParentRunner.java:66)
	at org.junit.runners.ParentRunner$2.evaluate(ParentRunner.java:293)
	at org.junit.runners.ParentRunner$3.evaluate(ParentRunner.java:306)
	at org.junit.runners.ParentRunner.run(ParentRunner.java:413)
	at io.cucumber.junit.Cucumber.runChild(Cucumber.java:199)
	at io.cucumber.junit.Cucumber.runChild(Cucumber.java:90)
	at org.junit.runners.ParentRunner$4.run(ParentRunner.java:331)
	at org.junit.runners.ParentRunner$1.schedule(ParentRunner.java:79)
	at org.junit.runners.ParentRunner.runChildren(ParentRunner.java:329)
	at org.junit.runners.ParentRunner.access$100(ParentRunner.java:66)
	at org.junit.runners.ParentRunner$2.evaluate(ParentRunner.java:293)
	at io.cucumber.junit.Cucumber$RunCucumber.evaluate(Cucumber.java:234)
	at org.junit.runners.ParentRunner$3.evaluate(ParentRunner.java:306)
	at org.junit.runners.ParentRunner.run(ParentRunner.java:413)
	at org.junit.runner.JUnitCore.run(JUnitCore.java:137)
	at com.intellij.junit4.JUnit4IdeaTestRunner.startRunnerWithArgs(JUnit4IdeaTestRunner.java:68)
	at com.intellij.rt.junit.IdeaTestRunner$Repeater.startRunnerWithArgs(IdeaTestRunner.java:33)
	at com.intellij.rt.junit.JUnitStarter.prepareStreamsAndStart(JUnitStarter.java:230)
	at com.intellij.rt.junit.JUnitStarter.main(JUnitStarter.java:58)
Caused by: io.cucumber.core.backend.CucumberBackendException: Failed to invoke public void stepdefinitions.StepDefinitions.i_validate_showing_results_for_apple_i_phone_is_appear_properly(java.lang.String)
	at io.cucumber.java.Invoker.doInvoke(Invoker.java:68)
	at io.cucumber.java.Invoker.invoke(Invoker.java:24)
	at io.cucumber.java.AbstractGlueDefinition.invokeMethod(AbstractGlueDefinition.java:47)
	at io.cucumber.java.JavaStepDefinition.execute(JavaStepDefinition.java:29)
	at io.cucumber.core.runner.CoreStepDefinition.execute(CoreStepDefinition.java:66)
	at io.cucumber.core.runner.PickleStepDefinitionMatch.runStep(PickleStepDefinitionMatch.java:63)
	... 30 more
Caused by: java.lang.IllegalArgumentException: argument type mismatch
	at java.base/jdk.internal.reflect.NativeMethodAccessorImpl.invoke0(Native Method)
	at java.base/jdk.internal.reflect.NativeMethodAccessorImpl.invoke(NativeMethodAccessorImpl.java:62)
	at java.base/jdk.internal.reflect.DelegatingMethodAccessorImpl.invoke(DelegatingMethodAccessorImpl.java:43)
	at java.base/java.lang.reflect.Method.invoke(Method.java:566)
	at io.cucumber.java.Invoker.doInvoke(Invoker.java:66)
	... 35 more
]]>
        </failure>
    </testcase>
    <testcase classname="Atnt HomePage Functionality Check." name="Att searchBox check with multiple value using data driven 2" time="8.314">
        <failure message="The scenario has pending or undefined step(s)" type="java.lang.Exception">
            <![CDATA[Given I am in att homepage..................................................passed
And I enter "Apple iPhone 10" in searchBox..................................passed
When I click searchButton...................................................passed
And I validate "Showing results for "Apple iphone 10"." is appear properly..undefined
And I validate page title as "Results for Apple iPhones 10 - AT&T Search"...skipped
]]>
        </failure>
    </testcase>
    <testcase classname="Atnt HomePage Functionality Check." name="Att searchBox check with multiple value using data driven 3" time="9.441">
        <failure message="Search Item not match expected:&lt;...howing results for &quot;[Samsung Phones]&quot;.&gt; but was:&lt;...howing results for &quot;[Apple iPhone 11]&quot;.&gt;" type="org.junit.ComparisonFailure">
            <![CDATA[Given I am in att homepage..................................................passed
And I enter "Samsung Phones" in searchBox...................................passed
When I click searchButton...................................................passed
And I validate "\"Samsung Phones\"" is appear properly......................failed
And I validate page title as "Results for Samsung Phones - AT&T Search".....skipped

StackTrace:
org.junit.ComparisonFailure: Search Item not match expected:<...howing results for "[Samsung Phones]".> but was:<...howing results for "[Apple iPhone 11]".>
	at org.junit.Assert.assertEquals(Assert.java:117)
	at atnthome.AtntHome.validateSearchBoxTxt(AtntHome.java:228)
	at stepdefinitions.StepDefinitions.i_validate_is_appear_properly(StepDefinitions.java:242)
	at ✽.I validate "\"Samsung Phones\"" is appear properly(file:///Users/arman430/IdeaProjects/BDDWebAutomationFramework_WA_NY_Team2/ATNT/src/test/java/features/HomePage.feature:85)
]]>
        </failure>
    </testcase>
    <testcase classname="Atnt HomePage Functionality Check." name="Att searchBox check with multiple value using data driven 4" time="8.49">
        <failure message="Search Item not match expected:&lt;... results for &quot;Apple [Watches]&quot;.&gt; but was:&lt;... results for &quot;Apple [iPhone 11]&quot;.&gt;" type="org.junit.ComparisonFailure">
            <![CDATA[Given I am in att homepage..................................................passed
And I enter "Apple Watches" in searchBox....................................passed
When I click searchButton...................................................passed
And I validate "\"Apple Watches\"" is appear properly.......................failed
And I validate page title as "Results for Apple Watches - AT&T Search"......skipped

StackTrace:
org.junit.ComparisonFailure: Search Item not match expected:<... results for "Apple [Watches]".> but was:<... results for "Apple [iPhone 11]".>
	at org.junit.Assert.assertEquals(Assert.java:117)
	at atnthome.AtntHome.validateSearchBoxTxt(AtntHome.java:228)
	at stepdefinitions.StepDefinitions.i_validate_is_appear_properly(StepDefinitions.java:242)
	at ✽.I validate "\"Apple Watches\"" is appear properly(file:///Users/arman430/IdeaProjects/BDDWebAutomationFramework_WA_NY_Team2/ATNT/src/test/java/features/HomePage.feature:85)
]]>
        </failure>
    </testcase>
    <testcase classname="Atnt HomePage Functionality Check." name="Att searchBox check with multiple value using data driven 5" time="8.935">
        <failure message="Search Item not match expected:&lt;...results for &quot;Apple i[pads]&quot;.&gt; but was:&lt;...results for &quot;Apple i[Phone 11]&quot;.&gt;" type="org.junit.ComparisonFailure">
            <![CDATA[Given I am in att homepage..................................................passed
And I enter "Apple ipads" in searchBox......................................passed
When I click searchButton...................................................passed
And I validate "\"Apple ipads\"" is appear properly.........................failed
And I validate page title as "Results for Apple ipads - AT&T Search"........skipped

StackTrace:
org.junit.ComparisonFailure: Search Item not match expected:<...results for "Apple i[pads]".> but was:<...results for "Apple i[Phone 11]".>
	at org.junit.Assert.assertEquals(Assert.java:117)
	at atnthome.AtntHome.validateSearchBoxTxt(AtntHome.java:228)
	at stepdefinitions.StepDefinitions.i_validate_is_appear_properly(StepDefinitions.java:242)
	at ✽.I validate "\"Apple ipads\"" is appear properly(file:///Users/arman430/IdeaProjects/BDDWebAutomationFramework_WA_NY_Team2/ATNT/src/test/java/features/HomePage.feature:85)
]]>
        </failure>
    </testcase>
    <testcase classname="Atnt HomePage Functionality Check." name="Att searchBox check with multiple value using data driven 6" time="9.368">
        <failure message="Search Item not match expected:&lt;...howing results for &quot;[iphone 11 Pro Max]&quot;.&gt; but was:&lt;...howing results for &quot;[Apple iPhone 11]&quot;.&gt;" type="org.junit.ComparisonFailure">
            <![CDATA[Given I am in att homepage..................................................passed
And I enter "iphone 11 Pro Max" in searchBox................................passed
When I click searchButton...................................................passed
And I validate "\"iphone 11 Pro Max\"" is appear properly...................failed
And I validate page title as "Results for iphone 11 Pro Max - AT&T Search"..skipped

StackTrace:
org.junit.ComparisonFailure: Search Item not match expected:<...howing results for "[iphone 11 Pro Max]".> but was:<...howing results for "[Apple iPhone 11]".>
	at org.junit.Assert.assertEquals(Assert.java:117)
	at atnthome.AtntHome.validateSearchBoxTxt(AtntHome.java:228)
	at stepdefinitions.StepDefinitions.i_validate_is_appear_properly(StepDefinitions.java:242)
	at ✽.I validate "\"iphone 11 Pro Max\"" is appear properly(file:///Users/arman430/IdeaProjects/BDDWebAutomationFramework_WA_NY_Team2/ATNT/src/test/java/features/HomePage.feature:85)
]]>
        </failure>
    </testcase>
    <testcase classname="Atnt HomePage Functionality Check." name="Att searchBox check with multiple value using data driven 7" time="10.408">
        <failure message="Search Item not match expected:&lt;...howing results for &quot;[Samsung Tablets]&quot;.&gt; but was:&lt;...howing results for &quot;[Apple iPhone 11]&quot;.&gt;" type="org.junit.ComparisonFailure">
            <![CDATA[Given I am in att homepage..................................................passed
And I enter "Samsung Tablets" in searchBox..................................passed
When I click searchButton...................................................passed
And I validate "\"Samsung Tablets\"" is appear properly.....................failed
And I validate page title as "Results for Samsung Tablets - AT&T Search"....skipped

StackTrace:
org.junit.ComparisonFailure: Search Item not match expected:<...howing results for "[Samsung Tablets]".> but was:<...howing results for "[Apple iPhone 11]".>
	at org.junit.Assert.assertEquals(Assert.java:117)
	at atnthome.AtntHome.validateSearchBoxTxt(AtntHome.java:228)
	at stepdefinitions.StepDefinitions.i_validate_is_appear_properly(StepDefinitions.java:242)
	at ✽.I validate "\"Samsung Tablets\"" is appear properly(file:///Users/arman430/IdeaProjects/BDDWebAutomationFramework_WA_NY_Team2/ATNT/src/test/java/features/HomePage.feature:85)
]]>
        </failure>
    </testcase>
</testsuite>
