
@SmokeTest
Scenario: Att deals button Functionality check with valid data                            # src/test/java/features/HomePage.feature:7
  Given I am in att homepage                                                              # stepdefinitions.StepDefinitions.i_am_in_att_homepage()
  When I click Deals Button                                                               # stepdefinitions.StepDefinitions.i_click_deals_button()
  Then I verify Wireless is appear properly                                               # stepdefinitions.StepDefinitions.i_verify_wireless_is_appear_properly()
  And I verify page title as AT&T Deals on Phones, Wireless Plans, Internet & TV Services # stepdefinitions.StepDefinitions.i_verify_page_title_as_at_t_deals_on_phones_wireless_plans_internet_tv_services()

@SmokeTest
Scenario: Att Wireless button Functionality check with valid data                # src/test/java/features/HomePage.feature:13
  Given I am in att homepage                                                     # stepdefinitions.StepDefinitions.i_am_in_att_homepage()
  When I click Wireless Button                                                   # stepdefinitions.StepDefinitions.i_click_wireless_button()
  Then I verify LEARN HOW TO is appear properly                                  # stepdefinitions.StepDefinitions.i_verify_learn_how_to_is_appear_properly()
  And I verify page title as AT&T Wireless – Latest Phones & Best Wireless Plans # stepdefinitions.StepDefinitions.i_verify_page_title_as_at_t_wireless_latest_phones_best_wireless_plans()

@SmokeTest
Scenario: Att Internet button Functionality check with valid data                      # src/test/java/features/HomePage.feature:19
  Given I am in att homepage                                                           # stepdefinitions.StepDefinitions.i_am_in_att_homepage()
  When I click internet Button                                                         # stepdefinitions.StepDefinitions.i_click_internet_button()
  Then I verify AT&T INTERNET is appear properly                                       # stepdefinitions.StepDefinitions.i_verify_at_t_internet_is_appear_properly()
  And I verify page title as AT&T Internet Plans - Home Internet - AT&T® Official Site # stepdefinitions.StepDefinitions.i_verify_page_title_as_at_t_internet_plans_home_internet_at_t_official_site()

@SmokeTest
Scenario: Att TV button Functionality check with valid data # src/test/java/features/HomePage.feature:25
  Given I am in att homepage                                # stepdefinitions.StepDefinitions.i_am_in_att_homepage()
  When I click TV Button                                    # stepdefinitions.StepDefinitions.i_click_tv_button()
  And I click on shop now button                            # stepdefinitions.StepDefinitions.i_click_on_shop_now_button()
  Then I verify Choose a TV package is appear properly      # stepdefinitions.StepDefinitions.i_verify_choose_a_tv_package_is_appear_properly()
  And I verify page title as Shop AT&T Bundles              # stepdefinitions.StepDefinitions.i_verify_page_title_as_shop_at_t_bundles()

@SmokeTest
Scenario: Atnt Sign Up Functionality check with invalid credentials # src/test/java/features/HomePage.feature:32
  Given I am in att homepage                                        # stepdefinitions.StepDefinitions.i_am_in_att_homepage()
  And I click accountIcon                                           # stepdefinitions.StepDefinitions.i_click_account_icon()
  And I click singInButton                                          # stepdefinitions.StepDefinitions.i_click_sing_in_button()
  When I click on CreateButton                                      # stepdefinitions.StepDefinitions.i_click_on_create_button()
  And I click wireless radioButton and continueButton               # stepdefinitions.StepDefinitions.i_click_wireless_radio_button_and_continue_button()
  Then I enter phoneNumber and zipCode                              # stepdefinitions.StepDefinitions.i_enter_phone_number_and_zip_code()
  When I click continueButton                                       # stepdefinitions.StepDefinitions.i_click_continue_button()
  And I should be get en error message                              # stepdefinitions.StepDefinitions.i_should_be_get_en_error_message()

@SmokeTest
Scenario: Check signIn with invalid credentials # src/test/java/features/HomePage.feature:42
  Given I am in att homepage                    # stepdefinitions.StepDefinitions.i_am_in_att_homepage()
  And I on signIn page                          # stepdefinitions.StepDefinitions.i_on_sign_in_page()
  When I enter userName and passWord            # stepdefinitions.StepDefinitions.i_enter_user_name_and_pass_word()
  And I click on signIn button                  # stepdefinitions.StepDefinitions.i_click_on_sign_in_button()
  Then I am getting error message               # stepdefinitions.StepDefinitions.i_am_getting_error_message()

@SmokeTest
Scenario Outline: Login into att using Data Driven             # src/test/java/features/HomePage.feature:57
  Given I am in att homepage                                   # stepdefinitions.StepDefinitions.i_am_in_att_homepage()
  And I on signIn page                                         # stepdefinitions.StepDefinitions.i_on_sign_in_page()
  And I enter email as "admin@pnt.com" and password as "admin" # stepdefinitions.StepDefinitions.i_enter_email_as_and_password_as(java.lang.String,java.lang.String)
  And I click on signIn button                                 # stepdefinitions.StepDefinitions.i_click_on_sign_in_button()
  Then I am getting error message                              # stepdefinitions.StepDefinitions.i_am_getting_error_message()
      org.openqa.selenium.NoSuchElementException: no such element: Unable to locate element: {"method":"xpath","selector":"//div[@id='errorDescArea']"}
  (Session info: chrome=85.0.4183.121)
For documentation on this error, please visit: https://www.seleniumhq.org/exceptions/no_such_element.html
Build info: version: '3.141.59', revision: 'e82be7d358', time: '2018-11-14T08:17:03'
System info: host: 'Armans-MacBook-Pro.local', ip: 'fe80:0:0:0:ccc:17c9:423e:5581%en0', os.name: 'Mac OS X', os.arch: 'x86_64', os.version: '10.15.6', java.version: '11.0.7'
Driver info: org.openqa.selenium.chrome.ChromeDriver
Capabilities {acceptInsecureCerts: false, browserName: chrome, browserVersion: 85.0.4183.121, chrome: {chromedriverVersion: 85.0.4183.87 (cd6713ebf92fa..., userDataDir: /var/folders/kc/1437tkvj79j...}, goog:chromeOptions: {debuggerAddress: localhost:61738}, javascriptEnabled: true, networkConnectionEnabled: false, pageLoadStrategy: normal, platform: MAC, platformName: MAC, proxy: Proxy(), setWindowRect: true, strictFileInteractability: false, timeouts: {implicit: 0, pageLoad: 300000, script: 30000}, unhandledPromptBehavior: dismiss and notify, webauthn:virtualAuthenticators: true}
Session ID: 5d829393a4c48e4eca47698fa9bf697a
*** Element info: {Using=xpath, value=//div[@id='errorDescArea']}
	at jdk.internal.reflect.GeneratedConstructorAccessor13.newInstance(Unknown Source)
	at java.base/jdk.internal.reflect.DelegatingConstructorAccessorImpl.newInstance(DelegatingConstructorAccessorImpl.java:45)
	at java.base/java.lang.reflect.Constructor.newInstance(Constructor.java:490)
	at org.openqa.selenium.remote.http.W3CHttpResponseCodec.createException(W3CHttpResponseCodec.java:187)
	at org.openqa.selenium.remote.http.W3CHttpResponseCodec.decode(W3CHttpResponseCodec.java:122)
	at org.openqa.selenium.remote.http.W3CHttpResponseCodec.decode(W3CHttpResponseCodec.java:49)
	at org.openqa.selenium.remote.HttpCommandExecutor.execute(HttpCommandExecutor.java:158)
	at org.openqa.selenium.remote.service.DriverCommandExecutor.execute(DriverCommandExecutor.java:83)
	at org.openqa.selenium.remote.RemoteWebDriver.execute(RemoteWebDriver.java:552)
	at org.openqa.selenium.remote.RemoteWebDriver.findElement(RemoteWebDriver.java:323)
	at org.openqa.selenium.remote.RemoteWebDriver.findElementByXPath(RemoteWebDriver.java:428)
	at org.openqa.selenium.By$ByXPath.findElement(By.java:353)
	at org.openqa.selenium.remote.RemoteWebDriver.findElement(RemoteWebDriver.java:315)
	at atnthome.AtntHome.validateSignInPage(AtntHome.java:194)
	at stepdefinitions.StepDefinitions.i_am_getting_error_message(StepDefinitions.java:182)
	at ✽.I am getting error message(file:///Users/arman430/IdeaProjects/BDDWebAutomationFramework_WA_NY_Team2/ATNT/src/test/java/features/HomePage.feature:53)


    Embedding Demo [image/png 90478 bytes]


@SmokeTest
Scenario Outline: Login into att using Data Driven                     # src/test/java/features/HomePage.feature:58
  Given I am in att homepage                                           # stepdefinitions.StepDefinitions.i_am_in_att_homepage()
  And I on signIn page                                                 # stepdefinitions.StepDefinitions.i_on_sign_in_page()
  And I enter email as "oalKarim@gmail.com" and password as "15021972" # stepdefinitions.StepDefinitions.i_enter_email_as_and_password_as(java.lang.String,java.lang.String)
  And I click on signIn button                                         # stepdefinitions.StepDefinitions.i_click_on_sign_in_button()
  Then I am getting error message                                      # stepdefinitions.StepDefinitions.i_am_getting_error_message()
      org.openqa.selenium.NoSuchElementException: no such element: Unable to locate element: {"method":"xpath","selector":"//div[@id='errorDescArea']"}
  (Session info: chrome=85.0.4183.121)
For documentation on this error, please visit: https://www.seleniumhq.org/exceptions/no_such_element.html
Build info: version: '3.141.59', revision: 'e82be7d358', time: '2018-11-14T08:17:03'
System info: host: 'Armans-MacBook-Pro.local', ip: 'fe80:0:0:0:ccc:17c9:423e:5581%en0', os.name: 'Mac OS X', os.arch: 'x86_64', os.version: '10.15.6', java.version: '11.0.7'
Driver info: org.openqa.selenium.chrome.ChromeDriver
Capabilities {acceptInsecureCerts: false, browserName: chrome, browserVersion: 85.0.4183.121, chrome: {chromedriverVersion: 85.0.4183.87 (cd6713ebf92fa..., userDataDir: /var/folders/kc/1437tkvj79j...}, goog:chromeOptions: {debuggerAddress: localhost:61846}, javascriptEnabled: true, networkConnectionEnabled: false, pageLoadStrategy: normal, platform: MAC, platformName: MAC, proxy: Proxy(), setWindowRect: true, strictFileInteractability: false, timeouts: {implicit: 0, pageLoad: 300000, script: 30000}, unhandledPromptBehavior: dismiss and notify, webauthn:virtualAuthenticators: true}
Session ID: a55cfba303ec4f209b8c2ed5834fc9b0
*** Element info: {Using=xpath, value=//div[@id='errorDescArea']}
	at jdk.internal.reflect.GeneratedConstructorAccessor13.newInstance(Unknown Source)
	at java.base/jdk.internal.reflect.DelegatingConstructorAccessorImpl.newInstance(DelegatingConstructorAccessorImpl.java:45)
	at java.base/java.lang.reflect.Constructor.newInstance(Constructor.java:490)
	at org.openqa.selenium.remote.http.W3CHttpResponseCodec.createException(W3CHttpResponseCodec.java:187)
	at org.openqa.selenium.remote.http.W3CHttpResponseCodec.decode(W3CHttpResponseCodec.java:122)
	at org.openqa.selenium.remote.http.W3CHttpResponseCodec.decode(W3CHttpResponseCodec.java:49)
	at org.openqa.selenium.remote.HttpCommandExecutor.execute(HttpCommandExecutor.java:158)
	at org.openqa.selenium.remote.service.DriverCommandExecutor.execute(DriverCommandExecutor.java:83)
	at org.openqa.selenium.remote.RemoteWebDriver.execute(RemoteWebDriver.java:552)
	at org.openqa.selenium.remote.RemoteWebDriver.findElement(RemoteWebDriver.java:323)
	at org.openqa.selenium.remote.RemoteWebDriver.findElementByXPath(RemoteWebDriver.java:428)
	at org.openqa.selenium.By$ByXPath.findElement(By.java:353)
	at org.openqa.selenium.remote.RemoteWebDriver.findElement(RemoteWebDriver.java:315)
	at atnthome.AtntHome.validateSignInPage(AtntHome.java:194)
	at stepdefinitions.StepDefinitions.i_am_getting_error_message(StepDefinitions.java:182)
	at ✽.I am getting error message(file:///Users/arman430/IdeaProjects/BDDWebAutomationFramework_WA_NY_Team2/ATNT/src/test/java/features/HomePage.feature:53)


    Embedding Demo [image/png 90478 bytes]


@SmokeTest
Scenario Outline: Login into att using Data Driven                      # src/test/java/features/HomePage.feature:59
  Given I am in att homepage                                            # stepdefinitions.StepDefinitions.i_am_in_att_homepage()
  And I on signIn page                                                  # stepdefinitions.StepDefinitions.i_on_sign_in_page()
  And I enter email as "mikedavid@gmail.com" and password as "01012010" # stepdefinitions.StepDefinitions.i_enter_email_as_and_password_as(java.lang.String,java.lang.String)
  And I click on signIn button                                          # stepdefinitions.StepDefinitions.i_click_on_sign_in_button()
  Then I am getting error message                                       # stepdefinitions.StepDefinitions.i_am_getting_error_message()
      org.openqa.selenium.NoSuchElementException: no such element: Unable to locate element: {"method":"xpath","selector":"//div[@id='errorDescArea']"}
  (Session info: chrome=85.0.4183.121)
For documentation on this error, please visit: https://www.seleniumhq.org/exceptions/no_such_element.html
Build info: version: '3.141.59', revision: 'e82be7d358', time: '2018-11-14T08:17:03'
System info: host: 'Armans-MacBook-Pro.local', ip: 'fe80:0:0:0:ccc:17c9:423e:5581%en0', os.name: 'Mac OS X', os.arch: 'x86_64', os.version: '10.15.6', java.version: '11.0.7'
Driver info: org.openqa.selenium.chrome.ChromeDriver
Capabilities {acceptInsecureCerts: false, browserName: chrome, browserVersion: 85.0.4183.121, chrome: {chromedriverVersion: 85.0.4183.87 (cd6713ebf92fa..., userDataDir: /var/folders/kc/1437tkvj79j...}, goog:chromeOptions: {debuggerAddress: localhost:61981}, javascriptEnabled: true, networkConnectionEnabled: false, pageLoadStrategy: normal, platform: MAC, platformName: MAC, proxy: Proxy(), setWindowRect: true, strictFileInteractability: false, timeouts: {implicit: 0, pageLoad: 300000, script: 30000}, unhandledPromptBehavior: dismiss and notify, webauthn:virtualAuthenticators: true}
Session ID: 35be4ec6cb86c2d8b16fa92ba17d9fc7
*** Element info: {Using=xpath, value=//div[@id='errorDescArea']}
	at jdk.internal.reflect.GeneratedConstructorAccessor13.newInstance(Unknown Source)
	at java.base/jdk.internal.reflect.DelegatingConstructorAccessorImpl.newInstance(DelegatingConstructorAccessorImpl.java:45)
	at java.base/java.lang.reflect.Constructor.newInstance(Constructor.java:490)
	at org.openqa.selenium.remote.http.W3CHttpResponseCodec.createException(W3CHttpResponseCodec.java:187)
	at org.openqa.selenium.remote.http.W3CHttpResponseCodec.decode(W3CHttpResponseCodec.java:122)
	at org.openqa.selenium.remote.http.W3CHttpResponseCodec.decode(W3CHttpResponseCodec.java:49)
	at org.openqa.selenium.remote.HttpCommandExecutor.execute(HttpCommandExecutor.java:158)
	at org.openqa.selenium.remote.service.DriverCommandExecutor.execute(DriverCommandExecutor.java:83)
	at org.openqa.selenium.remote.RemoteWebDriver.execute(RemoteWebDriver.java:552)
	at org.openqa.selenium.remote.RemoteWebDriver.findElement(RemoteWebDriver.java:323)
	at org.openqa.selenium.remote.RemoteWebDriver.findElementByXPath(RemoteWebDriver.java:428)
	at org.openqa.selenium.By$ByXPath.findElement(By.java:353)
	at org.openqa.selenium.remote.RemoteWebDriver.findElement(RemoteWebDriver.java:315)
	at atnthome.AtntHome.validateSignInPage(AtntHome.java:194)
	at stepdefinitions.StepDefinitions.i_am_getting_error_message(StepDefinitions.java:182)
	at ✽.I am getting error message(file:///Users/arman430/IdeaProjects/BDDWebAutomationFramework_WA_NY_Team2/ATNT/src/test/java/features/HomePage.feature:53)


    Embedding Demo [image/png 90478 bytes]


@SmokeTest
Scenario: Att menu burgerButton test                  # src/test/java/features/HomePage.feature:62
  Given I am in att homepage                          # stepdefinitions.StepDefinitions.i_am_in_att_homepage()
  When I click on burgerButton                        # stepdefinitions.StepDefinitions.i_click_on_burger_button()
  And I select wireless and click on Explore Wireless # stepdefinitions.StepDefinitions.i_select_wireless_and_click_on_explore_wireless()
  And I verify page title                             # stepdefinitions.StepDefinitions.i_verify_page_title()

@SmokeTest
Scenario: Att searchBox functionality check with valid data # src/test/java/features/HomePage.feature:68
  Given I am in att homepage                                # stepdefinitions.StepDefinitions.i_am_in_att_homepage()
  And I enter Apple iPhone 11 in searchBox                  # stepdefinitions.StepDefinitions.i_enter_iphone_in_search_box()
      io.cucumber.core.exception.CucumberException: Step [I enter Apple iPhone {int} in searchBox] is defined with 0 parameters at 'stepdefinitions.StepDefinitions.i_enter_iphone_in_search_box()'.
However, the gherkin step has 1 arguments:
 * 11
Step text: I enter Apple iPhone 11 in searchBox
	at io.cucumber.core.runner.PickleStepDefinitionMatch.arityMismatch(PickleStepDefinitionMatch.java:83)
	at io.cucumber.core.runner.PickleStepDefinitionMatch.runStep(PickleStepDefinitionMatch.java:42)
	at io.cucumber.core.runner.TestStep.executeStep(TestStep.java:92)
	at io.cucumber.core.runner.TestStep.run(TestStep.java:63)
	at io.cucumber.core.runner.PickleStepTestStep.run(PickleStepTestStep.java:49)
	at io.cucumber.core.runner.TestCase.run(TestCase.java:99)
	at io.cucumber.core.runner.Runner.runPickle(Runner.java:71)
	at io.cucumber.junit.PickleRunners$NoStepDescriptions.run(PickleRunners.java:151)
	at io.cucumber.junit.FeatureRunner.runChild(FeatureRunner.java:135)
	at io.cucumber.junit.FeatureRunner.runChild(FeatureRunner.java:27)
	at org.junit.runners.ParentRunner$4.run(ParentRunner.java:331)
	at org.junit.runners.ParentRunner$1.schedule(ParentRunner.java:79)
	at org.junit.runners.ParentRunner.runChildren(ParentRunner.java:329)
	at org.junit.runners.ParentRunner.access$100(ParentRunner.java:66)
	at org.junit.runners.ParentRunner$2.evaluate(ParentRunner.java:293)
	at org.junit.runners.ParentRunner$3.evaluate(ParentRunner.java:306)
	at org.junit.runners.ParentRunner.run(ParentRunner.java:413)
	at io.cucumber.junit.Cucumber.runChild(Cucumber.java:199)
	at io.cucumber.junit.Cucumber.runChild(Cucumber.java:90)
	at org.junit.runners.ParentRunner$4.run(ParentRunner.java:331)
	at org.junit.runners.ParentRunner$1.schedule(ParentRunner.java:79)
	at org.junit.runners.ParentRunner.runChildren(ParentRunner.java:329)
	at org.junit.runners.ParentRunner.access$100(ParentRunner.java:66)
	at org.junit.runners.ParentRunner$2.evaluate(ParentRunner.java:293)
	at io.cucumber.junit.Cucumber$RunCucumber.evaluate(Cucumber.java:234)
	at org.junit.runners.ParentRunner$3.evaluate(ParentRunner.java:306)
	at org.junit.runners.ParentRunner.run(ParentRunner.java:413)
	at org.junit.runner.JUnitCore.run(JUnitCore.java:137)
	at com.intellij.junit4.JUnit4IdeaTestRunner.startRunnerWithArgs(JUnit4IdeaTestRunner.java:68)
	at com.intellij.rt.junit.IdeaTestRunner$Repeater.startRunnerWithArgs(IdeaTestRunner.java:33)
	at com.intellij.rt.junit.JUnitStarter.prepareStreamsAndStart(JUnitStarter.java:230)
	at com.intellij.rt.junit.JUnitStarter.main(JUnitStarter.java:58)

  When I click searchButton                                 # stepdefinitions.StepDefinitions.i_click_search_button()
  Then I verify Apple iPhone 11 is appear properly          # stepdefinitions.StepDefinitions.i_verify_apple_i_phone_is_appear_properly(java.lang.Integer)
  And I verify page title as iphone 11                      # stepdefinitions.StepDefinitions.i_verify_page_title_as_iphone(java.lang.Integer)

    Embedding Demo [image/png 903070 bytes]


@SmokeTest
Scenario: Att searchBox functionality check with valid data # src/test/java/features/HomePage.feature:75
  Given I am in att homepage                                # stepdefinitions.StepDefinitions.i_am_in_att_homepage()
  And I enter "Apple iPhone 11" in searchBox                # stepdefinitions.StepDefinitions.i_enter_in_search_box(java.lang.String)
  When I click searchButton                                 # stepdefinitions.StepDefinitions.i_click_search_button()
  Then I validate "Apple iPhone 11" is appear properly      # stepdefinitions.StepDefinitions.i_validate_is_appear_properly(java.lang.String)
  And I validate page title as iphone 11                    # stepdefinitions.StepDefinitions.i_validate_page_title_as_iphone(java.lang.Integer)

@SmokeTest
Scenario Outline: Att searchBox check with multiple value using data driven  # src/test/java/features/HomePage.feature:90
  Given I am in att homepage                                                 # stepdefinitions.StepDefinitions.i_am_in_att_homepage()
  And I enter "Apple iPhone 11" in searchBox                                 # stepdefinitions.StepDefinitions.i_enter_in_search_box(java.lang.String)
  When I click searchButton                                                  # stepdefinitions.StepDefinitions.i_click_search_button()
  And I validate "Showing results for "Apple iPhone 11"." is appear properly # stepdefinitions.StepDefinitions.i_validate_showing_results_for_apple_i_phone_is_appear_properly(java.lang.String)
      io.cucumber.core.exception.CucumberException: Could not invoke step [I validate "Showing results for "Apple iPhone {int}"." is appear properly] defined at 'stepdefinitions.StepDefinitions.i_validate_showing_results_for_apple_i_phone_is_appear_properly(java.lang.String)'.
It appears there was a problem with the step definition.
The converted arguments types were (java.lang.Integer)
	at io.cucumber.core.runner.PickleStepDefinitionMatch.couldNotInvokeStep(PickleStepDefinitionMatch.java:130)
	at io.cucumber.core.runner.PickleStepDefinitionMatch.runStep(PickleStepDefinitionMatch.java:65)
	at io.cucumber.core.runner.TestStep.executeStep(TestStep.java:92)
	at io.cucumber.core.runner.TestStep.run(TestStep.java:63)
	at io.cucumber.core.runner.PickleStepTestStep.run(PickleStepTestStep.java:49)
	at io.cucumber.core.runner.TestCase.run(TestCase.java:99)
	at io.cucumber.core.runner.Runner.runPickle(Runner.java:71)
	at io.cucumber.junit.PickleRunners$NoStepDescriptions.run(PickleRunners.java:151)
	at io.cucumber.junit.FeatureRunner.runChild(FeatureRunner.java:135)
	at io.cucumber.junit.FeatureRunner.runChild(FeatureRunner.java:27)
	at org.junit.runners.ParentRunner$4.run(ParentRunner.java:331)
	at org.junit.runners.ParentRunner$1.schedule(ParentRunner.java:79)
	at org.junit.runners.ParentRunner.runChildren(ParentRunner.java:329)
	at org.junit.runners.ParentRunner.access$100(ParentRunner.java:66)
	at org.junit.runners.ParentRunner$2.evaluate(ParentRunner.java:293)
	at org.junit.runners.ParentRunner$3.evaluate(ParentRunner.java:306)
	at org.junit.runners.ParentRunner.run(ParentRunner.java:413)
	at io.cucumber.junit.Cucumber.runChild(Cucumber.java:199)
	at io.cucumber.junit.Cucumber.runChild(Cucumber.java:90)
	at org.junit.runners.ParentRunner$4.run(ParentRunner.java:331)
	at org.junit.runners.ParentRunner$1.schedule(ParentRunner.java:79)
	at org.junit.runners.ParentRunner.runChildren(ParentRunner.java:329)
	at org.junit.runners.ParentRunner.access$100(ParentRunner.java:66)
	at org.junit.runners.ParentRunner$2.evaluate(ParentRunner.java:293)
	at io.cucumber.junit.Cucumber$RunCucumber.evaluate(Cucumber.java:234)
	at org.junit.runners.ParentRunner$3.evaluate(ParentRunner.java:306)
	at org.junit.runners.ParentRunner.run(ParentRunner.java:413)
	at org.junit.runner.JUnitCore.run(JUnitCore.java:137)
	at com.intellij.junit4.JUnit4IdeaTestRunner.startRunnerWithArgs(JUnit4IdeaTestRunner.java:68)
	at com.intellij.rt.junit.IdeaTestRunner$Repeater.startRunnerWithArgs(IdeaTestRunner.java:33)
	at com.intellij.rt.junit.JUnitStarter.prepareStreamsAndStart(JUnitStarter.java:230)
	at com.intellij.rt.junit.JUnitStarter.main(JUnitStarter.java:58)
Caused by: io.cucumber.core.backend.CucumberBackendException: Failed to invoke public void stepdefinitions.StepDefinitions.i_validate_showing_results_for_apple_i_phone_is_appear_properly(java.lang.String)
	at io.cucumber.java.Invoker.doInvoke(Invoker.java:68)
	at io.cucumber.java.Invoker.invoke(Invoker.java:24)
	at io.cucumber.java.AbstractGlueDefinition.invokeMethod(AbstractGlueDefinition.java:47)
	at io.cucumber.java.JavaStepDefinition.execute(JavaStepDefinition.java:29)
	at io.cucumber.core.runner.CoreStepDefinition.execute(CoreStepDefinition.java:66)
	at io.cucumber.core.runner.PickleStepDefinitionMatch.runStep(PickleStepDefinitionMatch.java:63)
	... 30 more
Caused by: java.lang.IllegalArgumentException: argument type mismatch
	at java.base/jdk.internal.reflect.NativeMethodAccessorImpl.invoke0(Native Method)
	at java.base/jdk.internal.reflect.NativeMethodAccessorImpl.invoke(NativeMethodAccessorImpl.java:62)
	at java.base/jdk.internal.reflect.DelegatingMethodAccessorImpl.invoke(DelegatingMethodAccessorImpl.java:43)
	at java.base/java.lang.reflect.Method.invoke(Method.java:566)
	at io.cucumber.java.Invoker.doInvoke(Invoker.java:66)
	... 35 more

  And I validate page title as "Results for Apple iPhones 11 - AT&T Search"  # stepdefinitions.StepDefinitions.i_validate_page_title_as(java.lang.String)

    Embedding Demo [image/png 432882 bytes]


@SmokeTest
Scenario Outline: Att searchBox check with multiple value using data driven  # src/test/java/features/HomePage.feature:91
  Given I am in att homepage                                                 # stepdefinitions.StepDefinitions.i_am_in_att_homepage()
  And I enter "Apple iPhone 10" in searchBox                                 # stepdefinitions.StepDefinitions.i_enter_in_search_box(java.lang.String)
  When I click searchButton                                                  # stepdefinitions.StepDefinitions.i_click_search_button()
  And I validate "Showing results for "Apple iphone 10"." is appear properly # null
  And I validate page title as "Results for Apple iPhones 10 - AT&T Search"  # stepdefinitions.StepDefinitions.i_validate_page_title_as(java.lang.String)

@SmokeTest
Scenario Outline: Att searchBox check with multiple value using data driven # src/test/java/features/HomePage.feature:92
  Given I am in att homepage                                                # stepdefinitions.StepDefinitions.i_am_in_att_homepage()
  And I enter "Samsung Phones" in searchBox                                 # stepdefinitions.StepDefinitions.i_enter_in_search_box(java.lang.String)
  When I click searchButton                                                 # stepdefinitions.StepDefinitions.i_click_search_button()
  And I validate "\"Samsung Phones\"" is appear properly                    # stepdefinitions.StepDefinitions.i_validate_is_appear_properly(java.lang.String)
      org.junit.ComparisonFailure: Search Item not match expected:<...howing results for "[Samsung Phones]".> but was:<...howing results for "[Apple iPhone 11]".>
	at org.junit.Assert.assertEquals(Assert.java:117)
	at atnthome.AtntHome.validateSearchBoxTxt(AtntHome.java:228)
	at stepdefinitions.StepDefinitions.i_validate_is_appear_properly(StepDefinitions.java:242)
	at ✽.I validate "\"Samsung Phones\"" is appear properly(file:///Users/arman430/IdeaProjects/BDDWebAutomationFramework_WA_NY_Team2/ATNT/src/test/java/features/HomePage.feature:85)

  And I validate page title as "Results for Samsung Phones - AT&T Search"   # stepdefinitions.StepDefinitions.i_validate_page_title_as(java.lang.String)

    Embedding Demo [image/png 357339 bytes]


@SmokeTest
Scenario Outline: Att searchBox check with multiple value using data driven # src/test/java/features/HomePage.feature:93
  Given I am in att homepage                                                # stepdefinitions.StepDefinitions.i_am_in_att_homepage()
  And I enter "Apple Watches" in searchBox                                  # stepdefinitions.StepDefinitions.i_enter_in_search_box(java.lang.String)
  When I click searchButton                                                 # stepdefinitions.StepDefinitions.i_click_search_button()
  And I validate "\"Apple Watches\"" is appear properly                     # stepdefinitions.StepDefinitions.i_validate_is_appear_properly(java.lang.String)
      org.junit.ComparisonFailure: Search Item not match expected:<... results for "Apple [Watches]".> but was:<... results for "Apple [iPhone 11]".>
	at org.junit.Assert.assertEquals(Assert.java:117)
	at atnthome.AtntHome.validateSearchBoxTxt(AtntHome.java:228)
	at stepdefinitions.StepDefinitions.i_validate_is_appear_properly(StepDefinitions.java:242)
	at ✽.I validate "\"Apple Watches\"" is appear properly(file:///Users/arman430/IdeaProjects/BDDWebAutomationFramework_WA_NY_Team2/ATNT/src/test/java/features/HomePage.feature:85)

  And I validate page title as "Results for Apple Watches - AT&T Search"    # stepdefinitions.StepDefinitions.i_validate_page_title_as(java.lang.String)

    Embedding Demo [image/png 415191 bytes]


@SmokeTest
Scenario Outline: Att searchBox check with multiple value using data driven # src/test/java/features/HomePage.feature:94
  Given I am in att homepage                                                # stepdefinitions.StepDefinitions.i_am_in_att_homepage()
  And I enter "Apple ipads" in searchBox                                    # stepdefinitions.StepDefinitions.i_enter_in_search_box(java.lang.String)
  When I click searchButton                                                 # stepdefinitions.StepDefinitions.i_click_search_button()
  And I validate "\"Apple ipads\"" is appear properly                       # stepdefinitions.StepDefinitions.i_validate_is_appear_properly(java.lang.String)
      org.junit.ComparisonFailure: Search Item not match expected:<...results for "Apple i[pads]".> but was:<...results for "Apple i[Phone 11]".>
	at org.junit.Assert.assertEquals(Assert.java:117)
	at atnthome.AtntHome.validateSearchBoxTxt(AtntHome.java:228)
	at stepdefinitions.StepDefinitions.i_validate_is_appear_properly(StepDefinitions.java:242)
	at ✽.I validate "\"Apple ipads\"" is appear properly(file:///Users/arman430/IdeaProjects/BDDWebAutomationFramework_WA_NY_Team2/ATNT/src/test/java/features/HomePage.feature:85)

  And I validate page title as "Results for Apple ipads - AT&T Search"      # stepdefinitions.StepDefinitions.i_validate_page_title_as(java.lang.String)

    Embedding Demo [image/png 577414 bytes]


@SmokeTest
Scenario Outline: Att searchBox check with multiple value using data driven  # src/test/java/features/HomePage.feature:95
  Given I am in att homepage                                                 # stepdefinitions.StepDefinitions.i_am_in_att_homepage()
  And I enter "iphone 11 Pro Max" in searchBox                               # stepdefinitions.StepDefinitions.i_enter_in_search_box(java.lang.String)
  When I click searchButton                                                  # stepdefinitions.StepDefinitions.i_click_search_button()
  And I validate "\"iphone 11 Pro Max\"" is appear properly                  # stepdefinitions.StepDefinitions.i_validate_is_appear_properly(java.lang.String)
      org.junit.ComparisonFailure: Search Item not match expected:<...howing results for "[iphone 11 Pro Max]".> but was:<...howing results for "[Apple iPhone 11]".>
	at org.junit.Assert.assertEquals(Assert.java:117)
	at atnthome.AtntHome.validateSearchBoxTxt(AtntHome.java:228)
	at stepdefinitions.StepDefinitions.i_validate_is_appear_properly(StepDefinitions.java:242)
	at ✽.I validate "\"iphone 11 Pro Max\"" is appear properly(file:///Users/arman430/IdeaProjects/BDDWebAutomationFramework_WA_NY_Team2/ATNT/src/test/java/features/HomePage.feature:85)

  And I validate page title as "Results for iphone 11 Pro Max - AT&T Search" # stepdefinitions.StepDefinitions.i_validate_page_title_as(java.lang.String)

    Embedding Demo [image/png 707762 bytes]


@SmokeTest
Scenario Outline: Att searchBox check with multiple value using data driven # src/test/java/features/HomePage.feature:96
  Given I am in att homepage                                                # stepdefinitions.StepDefinitions.i_am_in_att_homepage()
  And I enter "Samsung Tablets" in searchBox                                # stepdefinitions.StepDefinitions.i_enter_in_search_box(java.lang.String)
  When I click searchButton                                                 # stepdefinitions.StepDefinitions.i_click_search_button()
  And I validate "\"Samsung Tablets\"" is appear properly                   # stepdefinitions.StepDefinitions.i_validate_is_appear_properly(java.lang.String)
      org.junit.ComparisonFailure: Search Item not match expected:<...howing results for "[Samsung Tablets]".> but was:<...howing results for "[Apple iPhone 11]".>
	at org.junit.Assert.assertEquals(Assert.java:117)
	at atnthome.AtntHome.validateSearchBoxTxt(AtntHome.java:228)
	at stepdefinitions.StepDefinitions.i_validate_is_appear_properly(StepDefinitions.java:242)
	at ✽.I validate "\"Samsung Tablets\"" is appear properly(file:///Users/arman430/IdeaProjects/BDDWebAutomationFramework_WA_NY_Team2/ATNT/src/test/java/features/HomePage.feature:85)

  And I validate page title as "Results for Samsung Tablets - AT&T Search"  # stepdefinitions.StepDefinitions.i_validate_page_title_as(java.lang.String)

    Embedding Demo [image/png 352091 bytes]

