[
  {
    "line": 1,
    "elements": [
      {
        "line": 4,
        "name": "",
        "description": "",
        "type": "background",
        "keyword": "Background",
        "steps": [
          {
            "result": {
              "duration": 3234658000,
              "status": "passed"
            },
            "before": [
              {
                "result": {
                  "duration": 29105000,
                  "status": "passed"
                },
                "match": {
                  "location": "stepdefinitions.HomePageStepDefinitions.getInit()"
                }
              }
            ],
            "line": 5,
            "name": "I am in TripAdvisor homepage",
            "match": {
              "location": "stepdefinitions.HomePageStepDefinitions.i_am_in_trip_advisor_homepage()"
            },
            "keyword": "Given "
          }
        ]
      },
      {
        "start_timestamp": "2020-09-08T23:23:56.154Z",
        "line": 16,
        "name": "TripAdvisor sign in Functionality check with valid credentials",
        "description": "",
        "id": "tripadvisor-homepage-functionality-check;tripadvisor-sign-in-functionality-check-with-valid-credentials",
        "after": [
          {
            "result": {
              "duration": 190570000,
              "status": "passed"
            },
            "match": {
              "location": "stepdefinitions.HomePageStepDefinitions.closeBrowser()"
            }
          },
          {
            "result": {
              "error_message": "org.openqa.selenium.NoSuchSessionException: Session ID is null. Using WebDriver after calling quit()?\nBuild info: version: \u00273.141.59\u0027, revision: \u0027e82be7d358\u0027, time: \u00272018-11-14T08:17:03\u0027\nSystem info: host: \u0027Mizans-MacBook-Pro.local\u0027, ip: \u00272604:2000:6087:cf00:4c7e:5e9b:92f9:32a9%en0\u0027, os.name: \u0027Mac OS X\u0027, os.arch: \u0027x86_64\u0027, os.version: \u002710.15.6\u0027, java.version: \u002711.0.7\u0027\nDriver info: driver.version: RemoteWebDriver\n\tat org.openqa.selenium.remote.HttpCommandExecutor.execute(HttpCommandExecutor.java:125)\n\tat org.openqa.selenium.remote.service.DriverCommandExecutor.execute(DriverCommandExecutor.java:83)\n\tat org.openqa.selenium.remote.RemoteWebDriver.execute(RemoteWebDriver.java:552)\n\tat org.openqa.selenium.remote.RemoteWebDriver.execute(RemoteWebDriver.java:609)\n\tat org.openqa.selenium.remote.RemoteWebDriver.getScreenshotAs(RemoteWebDriver.java:295)\n\tat stepdefinitions.HomePageStepDefinitions.tearDown(HomePageStepDefinitions.java:27)\n",
              "duration": 2547000,
              "status": "failed"
            },
            "match": {
              "location": "stepdefinitions.HomePageStepDefinitions.tearDown(io.cucumber.java.Scenario)"
            }
          }
        ],
        "type": "scenario",
        "keyword": "Scenario",
        "steps": [
          {
            "result": {
              "error_message": "org.openqa.selenium.NoSuchElementException: no such element: Unable to locate element: {\"method\":\"xpath\",\"selector\":\"//span[@id\u003d\u0027googleBtn\u0027]\"}\n  (Session info: chrome\u003d85.0.4183.102)\nFor documentation on this error, please visit: https://www.seleniumhq.org/exceptions/no_such_element.html\nBuild info: version: \u00273.141.59\u0027, revision: \u0027e82be7d358\u0027, time: \u00272018-11-14T08:17:03\u0027\nSystem info: host: \u0027Mizans-MacBook-Pro.local\u0027, ip: \u00272604:2000:6087:cf00:4c7e:5e9b:92f9:32a9%en0\u0027, os.name: \u0027Mac OS X\u0027, os.arch: \u0027x86_64\u0027, os.version: \u002710.15.6\u0027, java.version: \u002711.0.7\u0027\nDriver info: org.openqa.selenium.chrome.ChromeDriver\nCapabilities {acceptInsecureCerts: false, browserName: chrome, browserVersion: 85.0.4183.102, chrome: {chromedriverVersion: 85.0.4183.87 (cd6713ebf92fa..., userDataDir: /var/folders/b7/lgzywp995gd...}, goog:chromeOptions: {debuggerAddress: localhost:59414}, javascriptEnabled: true, networkConnectionEnabled: false, pageLoadStrategy: normal, platform: MAC, platformName: MAC, proxy: Proxy(), setWindowRect: true, strictFileInteractability: false, timeouts: {implicit: 0, pageLoad: 300000, script: 30000}, unhandledPromptBehavior: dismiss and notify, webauthn:virtualAuthenticators: true}\nSession ID: 265202908d58281387e9d148eeb70bb8\n*** Element info: {Using\u003dxpath, value\u003d//span[@id\u003d\u0027googleBtn\u0027]}\n\tat java.base/jdk.internal.reflect.NativeConstructorAccessorImpl.newInstance0(Native Method)\n\tat java.base/jdk.internal.reflect.NativeConstructorAccessorImpl.newInstance(NativeConstructorAccessorImpl.java:62)\n\tat java.base/jdk.internal.reflect.DelegatingConstructorAccessorImpl.newInstance(DelegatingConstructorAccessorImpl.java:45)\n\tat java.base/java.lang.reflect.Constructor.newInstance(Constructor.java:490)\n\tat org.openqa.selenium.remote.http.W3CHttpResponseCodec.createException(W3CHttpResponseCodec.java:187)\n\tat org.openqa.selenium.remote.http.W3CHttpResponseCodec.decode(W3CHttpResponseCodec.java:122)\n\tat org.openqa.selenium.remote.http.W3CHttpResponseCodec.decode(W3CHttpResponseCodec.java:49)\n\tat org.openqa.selenium.remote.HttpCommandExecutor.execute(HttpCommandExecutor.java:158)\n\tat org.openqa.selenium.remote.service.DriverCommandExecutor.execute(DriverCommandExecutor.java:83)\n\tat org.openqa.selenium.remote.RemoteWebDriver.execute(RemoteWebDriver.java:552)\n\tat org.openqa.selenium.remote.RemoteWebDriver.findElement(RemoteWebDriver.java:323)\n\tat org.openqa.selenium.remote.RemoteWebDriver.findElementByXPath(RemoteWebDriver.java:428)\n\tat org.openqa.selenium.By$ByXPath.findElement(By.java:353)\n\tat org.openqa.selenium.remote.RemoteWebDriver.findElement(RemoteWebDriver.java:315)\n\tat org.openqa.selenium.support.pagefactory.DefaultElementLocator.findElement(DefaultElementLocator.java:69)\n\tat org.openqa.selenium.support.pagefactory.internal.LocatingElementHandler.invoke(LocatingElementHandler.java:38)\n\tat com.sun.proxy.$Proxy25.click(Unknown Source)\n\tat tripAdvisorhome.TripAdvisorHomePage.signInButtonCheck(TripAdvisorHomePage.java:47)\n\tat stepdefinitions.HomePageStepDefinitions.i_click_on_sign_in_button_adn_continue_button(HomePageStepDefinitions.java:71)\n\tat âœ½.I click on signIn Button adn continue button(file:///Users/mohammadislam/IdeaProjects/BDDWebAutomationFramework_WA_NY_Team2/TripAdvisor/src/test/java/features/TripAdvisor.feature:17)\n",
              "duration": 20133190000,
              "status": "failed"
            },
            "before": [
              {
                "result": {
                  "duration": 522000,
                  "status": "passed"
                },
                "match": {
                  "location": "stepdefinitions.HomePageStepDefinitions.getInit()"
                }
              }
            ],
            "line": 17,
            "name": "I click on signIn Button adn continue button",
            "match": {
              "location": "stepdefinitions.HomePageStepDefinitions.i_click_on_sign_in_button_adn_continue_button()"
            },
            "keyword": "And "
          }
        ],
        "tags": [
          {
            "name": "@Regression"
          }
        ]
      }
    ],
    "name": "TripAdvisor HomePage Functionality check",
    "description": "",
    "id": "tripadvisor-homepage-functionality-check",
    "keyword": "Feature",
    "uri": "file:src/test/java/features/TripAdvisor.feature",
    "tags": []
  }
]