<?xml version="1.0" encoding="UTF-8" standalone="no"?>
<testsuite errors="0" failures="3" name="io.cucumber.core.plugin.JUnitFormatter" skipped="0" tests="7" time="200.208">
    <testcase classname="TD Bank Home page functionality test" name="TD Bank Online Banking page is displayed" time="42.901">
        <failure message="Text do not match expected:&lt;[TD Bank] Online Banking&gt; but was:&lt;[Welcome to] Online Banking&gt;" type="org.junit.ComparisonFailure">
            <![CDATA[Given I am on TD bank home page.............................................passed
When i mouse hover on LogIn.................................................passed
And i click on Online Banking...............................................passed
Then i validate LogIn page is displayed.....................................failed

StackTrace:
org.junit.ComparisonFailure: Text do not match expected:<[TD Bank] Online Banking> but was:<[Welcome to] Online Banking>
	at org.junit.Assert.assertEquals(Assert.java:117)
	at tdbankhome.TDBankHome.validateOnlineBanking(TDBankHome.java:33)
	at stepdefinitions.TDHomePageStepDefinitions.i_validate_log_in_page_is_displayed(TDHomePageStepDefinitions.java:52)
	at ✽.i validate LogIn page is displayed(file:///C:/Users/jonho/IdeaProjects/BDDWebAutomationFramework_WA_NY_Team2/TDBank/src/test/java/features/TDBankHomePage.feature:9)
]]>
        </failure>
    </testcase>
    <testcase classname="TD Bank Home page functionality test" name="TD Bank sign up functionality test with invalid info" time="8.369">
        <system-out>
            <![CDATA[Given I am on TD bank home page.............................................passed
When I click on sign up.....................................................passed
And I enter personal information............................................passed
And I enter personal account information....................................passed
And create User and Password name...........................................passed
Then i validate Signup page is displayed....................................passed
]]>
        </system-out>
    </testcase>
    <testcase classname="TD Bank Home page functionality test" name="TD Bank signUp" time="66.398">
        <failure message="no such element: Unable to locate element: {&quot;method&quot;:&quot;xpath&quot;,&quot;selector&quot;:&quot;//select[@id=&quot;formElement_10&quot;]&quot;}&#10;  (Session info: chrome=85.0.4183.121)&#10;For documentation on this error, please visit: https://www.seleniumhq.org/exceptions/no_such_element.html&#10;Build info: version: '3.141.59', revision: 'e82be7d358', time: '2018-11-14T08:17:03'&#10;System info: host: 'LAPTOP-16QDF0HT', ip: '192.168.1.159', os.name: 'Windows 10', os.arch: 'amd64', os.version: '10.0', java.version: '11.0.4'&#10;Driver info: org.openqa.selenium.chrome.ChromeDriver&#10;Capabilities {acceptInsecureCerts: false, browserName: chrome, browserVersion: 85.0.4183.121, chrome: {chromedriverVersion: 85.0.4183.87 (cd6713ebf92fa..., userDataDir: C:\Users\jonho\AppData\Loca...}, goog:chromeOptions: {debuggerAddress: localhost:65232}, javascriptEnabled: true, networkConnectionEnabled: false, pageLoadStrategy: normal, platform: WINDOWS, platformName: WINDOWS, proxy: Proxy(), setWindowRect: true, strictFileInteractability: false, timeouts: {implicit: 0, pageLoad: 300000, script: 30000}, unhandledPromptBehavior: dismiss and notify, webauthn:virtualAuthenticators: true}&#10;Session ID: 1d5a058d0cc3081b577e6345a13cece6&#10;*** Element info: {Using=xpath, value=//select[@id=&quot;formElement_10&quot;]}" type="org.openqa.selenium.NoSuchElementException">
            <![CDATA[Given I am on TD bank home page.............................................passed
When I click on signUp button...............................................passed
And I do necessary steps to land on User info page..........................passed
And I select account type...................................................failed
And I enter user information................................................skipped
And I click on Continue Button..............................................skipped
Then I validate signUp message..............................................skipped

StackTrace:
org.openqa.selenium.NoSuchElementException: no such element: Unable to locate element: {"method":"xpath","selector":"//select[@id="formElement_10"]"}
  (Session info: chrome=85.0.4183.121)
For documentation on this error, please visit: https://www.seleniumhq.org/exceptions/no_such_element.html
Build info: version: '3.141.59', revision: 'e82be7d358', time: '2018-11-14T08:17:03'
System info: host: 'LAPTOP-16QDF0HT', ip: '192.168.1.159', os.name: 'Windows 10', os.arch: 'amd64', os.version: '10.0', java.version: '11.0.4'
Driver info: org.openqa.selenium.chrome.ChromeDriver
Capabilities {acceptInsecureCerts: false, browserName: chrome, browserVersion: 85.0.4183.121, chrome: {chromedriverVersion: 85.0.4183.87 (cd6713ebf92fa..., userDataDir: C:\Users\jonho\AppData\Loca...}, goog:chromeOptions: {debuggerAddress: localhost:65232}, javascriptEnabled: true, networkConnectionEnabled: false, pageLoadStrategy: normal, platform: WINDOWS, platformName: WINDOWS, proxy: Proxy(), setWindowRect: true, strictFileInteractability: false, timeouts: {implicit: 0, pageLoad: 300000, script: 30000}, unhandledPromptBehavior: dismiss and notify, webauthn:virtualAuthenticators: true}
Session ID: 1d5a058d0cc3081b577e6345a13cece6
*** Element info: {Using=xpath, value=//select[@id="formElement_10"]}
	at java.base/jdk.internal.reflect.NativeConstructorAccessorImpl.newInstance0(Native Method)
	at java.base/jdk.internal.reflect.NativeConstructorAccessorImpl.newInstance(NativeConstructorAccessorImpl.java:62)
	at java.base/jdk.internal.reflect.DelegatingConstructorAccessorImpl.newInstance(DelegatingConstructorAccessorImpl.java:45)
	at java.base/java.lang.reflect.Constructor.newInstance(Constructor.java:490)
	at org.openqa.selenium.remote.http.W3CHttpResponseCodec.createException(W3CHttpResponseCodec.java:187)
	at org.openqa.selenium.remote.http.W3CHttpResponseCodec.decode(W3CHttpResponseCodec.java:122)
	at org.openqa.selenium.remote.http.W3CHttpResponseCodec.decode(W3CHttpResponseCodec.java:49)
	at org.openqa.selenium.remote.HttpCommandExecutor.execute(HttpCommandExecutor.java:158)
	at org.openqa.selenium.remote.service.DriverCommandExecutor.execute(DriverCommandExecutor.java:83)
	at org.openqa.selenium.remote.RemoteWebDriver.execute(RemoteWebDriver.java:552)
	at org.openqa.selenium.remote.RemoteWebDriver.findElement(RemoteWebDriver.java:323)
	at org.openqa.selenium.remote.RemoteWebDriver.findElementByXPath(RemoteWebDriver.java:428)
	at org.openqa.selenium.By$ByXPath.findElement(By.java:353)
	at org.openqa.selenium.remote.RemoteWebDriver.findElement(RemoteWebDriver.java:315)
	at org.openqa.selenium.support.pagefactory.DefaultElementLocator.findElement(DefaultElementLocator.java:69)
	at org.openqa.selenium.support.pagefactory.internal.LocatingElementHandler.invoke(LocatingElementHandler.java:38)
	at com.sun.proxy.$Proxy26.click(Unknown Source)
	at tdbankhome.TDBankHome.selectAccountType(TDBankHome.java:249)
	at stepdefinitions.TDHomePageStepDefinitions.i_select_account_type(TDHomePageStepDefinitions.java:100)
	at ✽.I select account type(file:///C:/Users/jonho/IdeaProjects/BDDWebAutomationFramework_WA_NY_Team2/TDBank/src/test/java/features/TDBankHomePage.feature:25)
]]>
        </failure>
    </testcase>
    <testcase classname="TD Bank Home page functionality test" name="TD Bank login functionality check with invalid credentials" time="25.991">
        <system-out>
            <![CDATA[Given I am on TD bank home page.............................................passed
When I click on logIn button in homePage....................................passed
And I enter "jonhossn" and "dhaka1219"......................................passed
And I click on login........................................................passed
Then I validate the error message...........................................passed
]]>
        </system-out>
    </testcase>
    <testcase classname="TD Bank Home page functionality test" name="TD Bank product dropDown list check" time="17.396">
        <system-out>
            <![CDATA[Given I am on TD bank home page.............................................passed
When I click on product.....................................................passed
And I click on checking.....................................................passed
Then I validate checking account page.......................................passed
]]>
        </system-out>
    </testcase>
    <testcase classname="TD Bank Home page functionality test" name="TD Bank Find us Box functionality check" time="17.525">
        <failure message="Search Item not match expected:&lt;10 locations near &quot;[Briarwood], NY&quot;&gt; but was:&lt;10 locations near &quot;[Jamaica], NY&quot;&gt;" type="org.junit.ComparisonFailure">
            <![CDATA[Given I am on TD bank home page.............................................passed
When I click FindUs Icon....................................................passed
And I enter "11435" and click on searchIcon.................................passed
Then I validate TD bank locations appeared..................................failed

StackTrace:
org.junit.ComparisonFailure: Search Item not match expected:<10 locations near "[Briarwood], NY"> but was:<10 locations near "[Jamaica], NY">
	at org.junit.Assert.assertEquals(Assert.java:117)
	at tdbankhome.TDBankHome.validateFindUsValidationText(TDBankHome.java:363)
	at stepdefinitions.TDHomePageStepDefinitions.i_validate_td_bank_locations_appeared(TDHomePageStepDefinitions.java:184)
	at ✽.I validate TD bank locations appeared(file:///C:/Users/jonho/IdeaProjects/BDDWebAutomationFramework_WA_NY_Team2/TDBank/src/test/java/features/TDBankHomePage.feature:55)
]]>
        </failure>
    </testcase>
    <testcase classname="TD Bank Home page functionality test" name="Get Direction Button check" time="20.618">
        <system-out>
            <![CDATA[Given I am on TD bank home page.............................................passed
When I take necessary steps and landed on locations page....................passed
And I click on Get Direction Button.........................................passed
Then I validate google map page Title.......................................passed
]]>
        </system-out>
    </testcase>
</testsuite>
