
@SmokeTest
Scenario: Target home page search box functionality test # src/test/java/features/TargetHomePage.feature:7
  Given I am on targetEcommerce home page                # stepdefinitions.TargetStepDefinition.i_am_on_target_ecommerce_home_page()
  When I enter Samsung Phones                            # stepdefinitions.TargetStepDefinition.i_enter_samsung_phones()
  And I click on search button                           # stepdefinitions.TargetStepDefinition.i_click_on_search_button()
  Then I validate “Samsung Phone” is appeared properly   # stepdefinitions.TargetStepDefinition.i_validate_samsung_phone_is_appeared_properly()

@SmokeTest
Scenario: Target home page Clearance Tab functionality test # src/test/java/features/TargetHomePage.feature:13
  Given I am on targetEcommerce home page                   # stepdefinitions.TargetStepDefinition.i_am_on_target_ecommerce_home_page()
  When I click on clearance tab                             # stepdefinitions.TargetStepDefinition.i_click_on_clearance_tab()
  And I click on Furniture clearance                        # stepdefinitions.TargetStepDefinition.i_click_on_furniture_clearance()
      org.openqa.selenium.ElementClickInterceptedException: element click intercepted: Element <div class="ItemTitle-yw3r8r-0 lgEvqc">...</div> is not clickable at point (657, 687). Other element would receive the click: <iframe frameborder="0" src="https://tpc.googlesyndication.com/safeframe/1-0-37/html/container.html" id="google_ads_iframe_/7079046/tgt/5q0ga_0" title="3rd party ad content" name="" scrolling="no" marginwidth="0" marginheight="0" width="0" height="114" data-is-safeframe="true" sandbox="allow-forms allow-popups allow-popups-to-escape-sandbox allow-same-origin allow-scripts allow-top-navigation-by-user-activation" data-google-container-id="8" style="border: 0px; vertical-align: bottom; min-width: 100%; min-height: 93px;" data-load-complete="true"></iframe>
  (Session info: chrome=85.0.4183.102)
Build info: version: '3.141.59', revision: 'e82be7d358', time: '2018-11-14T08:17:03'
System info: host: 'LAPTOP-6QSDTELI', ip: '192.168.1.185', os.name: 'Windows 10', os.arch: 'amd64', os.version: '10.0', java.version: '11.0.8'
Driver info: org.openqa.selenium.chrome.ChromeDriver
Capabilities {acceptInsecureCerts: false, browserName: chrome, browserVersion: 85.0.4183.102, chrome: {chromedriverVersion: 85.0.4183.87 (cd6713ebf92fa..., userDataDir: C:\Users\lenis\AppData\Loca...}, goog:chromeOptions: {debuggerAddress: localhost:59198}, javascriptEnabled: true, networkConnectionEnabled: false, pageLoadStrategy: normal, platform: WINDOWS, platformName: WINDOWS, proxy: Proxy(), setWindowRect: true, strictFileInteractability: false, timeouts: {implicit: 0, pageLoad: 300000, script: 30000}, unhandledPromptBehavior: dismiss and notify, webauthn:virtualAuthenticators: true}
Session ID: d28696630a26876018927c6f55085d3b
	at java.base/jdk.internal.reflect.NativeConstructorAccessorImpl.newInstance0(Native Method)
	at java.base/jdk.internal.reflect.NativeConstructorAccessorImpl.newInstance(NativeConstructorAccessorImpl.java:62)
	at java.base/jdk.internal.reflect.DelegatingConstructorAccessorImpl.newInstance(DelegatingConstructorAccessorImpl.java:45)
	at java.base/java.lang.reflect.Constructor.newInstance(Constructor.java:490)
	at org.openqa.selenium.remote.http.W3CHttpResponseCodec.createException(W3CHttpResponseCodec.java:187)
	at org.openqa.selenium.remote.http.W3CHttpResponseCodec.decode(W3CHttpResponseCodec.java:122)
	at org.openqa.selenium.remote.http.W3CHttpResponseCodec.decode(W3CHttpResponseCodec.java:49)
	at org.openqa.selenium.remote.HttpCommandExecutor.execute(HttpCommandExecutor.java:158)
	at org.openqa.selenium.remote.service.DriverCommandExecutor.execute(DriverCommandExecutor.java:83)
	at org.openqa.selenium.remote.RemoteWebDriver.execute(RemoteWebDriver.java:552)
	at org.openqa.selenium.remote.RemoteWebElement.execute(RemoteWebElement.java:285)
	at org.openqa.selenium.remote.RemoteWebElement.click(RemoteWebElement.java:84)
	at java.base/jdk.internal.reflect.NativeMethodAccessorImpl.invoke0(Native Method)
	at java.base/jdk.internal.reflect.NativeMethodAccessorImpl.invoke(NativeMethodAccessorImpl.java:62)
	at java.base/jdk.internal.reflect.DelegatingMethodAccessorImpl.invoke(DelegatingMethodAccessorImpl.java:43)
	at java.base/java.lang.reflect.Method.invoke(Method.java:566)
	at org.openqa.selenium.support.pagefactory.internal.LocatingElementHandler.invoke(LocatingElementHandler.java:51)
	at com.sun.proxy.$Proxy25.click(Unknown Source)
	at targethome.TargetHomePage.furnitureClearance(TargetHomePage.java:90)
	at stepdefinitions.TargetStepDefinition.i_click_on_furniture_clearance(TargetStepDefinition.java:69)
	at ✽.I click on Furniture clearance(file:///C:/Users/lenis/IdeaProjects/BDDWebAutomationFramework_WA_NY_Team2/TargetEcommerce/src/test/java/features/TargetHomePage.feature:15)

  Then I validate “Filter results” is appeared properly     # stepdefinitions.TargetStepDefinition.i_validate_filter_results_is_appeared_properly()

    Embedding Demo [image/png 189579 bytes]


@SmokeTest
Scenario: Target home page Registry Tab functionality test # src/test/java/features/TargetHomePage.feature:19
  Given I am on targetEcommerce home page                  # stepdefinitions.TargetStepDefinition.i_am_on_target_ecommerce_home_page()
  When I click on registry tab                             # stepdefinitions.TargetStepDefinition.i_click_on_registry_tab()
      org.openqa.selenium.NoSuchElementException: no such element: Unable to locate element: {"method":"xpath","selector":"//a[@class='Link-sc-1khjl8b-0 kPdxNk'][contains(text(),'Registry')]"}
  (Session info: chrome=85.0.4183.102)
For documentation on this error, please visit: https://www.seleniumhq.org/exceptions/no_such_element.html
Build info: version: '3.141.59', revision: 'e82be7d358', time: '2018-11-14T08:17:03'
System info: host: 'LAPTOP-6QSDTELI', ip: '192.168.1.185', os.name: 'Windows 10', os.arch: 'amd64', os.version: '10.0', java.version: '11.0.8'
Driver info: org.openqa.selenium.chrome.ChromeDriver
Capabilities {acceptInsecureCerts: false, browserName: chrome, browserVersion: 85.0.4183.102, chrome: {chromedriverVersion: 85.0.4183.87 (cd6713ebf92fa..., userDataDir: C:\Users\lenis\AppData\Loca...}, goog:chromeOptions: {debuggerAddress: localhost:59288}, javascriptEnabled: true, networkConnectionEnabled: false, pageLoadStrategy: normal, platform: WINDOWS, platformName: WINDOWS, proxy: Proxy(), setWindowRect: true, strictFileInteractability: false, timeouts: {implicit: 0, pageLoad: 300000, script: 30000}, unhandledPromptBehavior: dismiss and notify, webauthn:virtualAuthenticators: true}
Session ID: 8610446a67e66e8e0e49f6a2b0291f6c
*** Element info: {Using=xpath, value=//a[@class='Link-sc-1khjl8b-0 kPdxNk'][contains(text(),'Registry')]}
	at java.base/jdk.internal.reflect.NativeConstructorAccessorImpl.newInstance0(Native Method)
	at java.base/jdk.internal.reflect.NativeConstructorAccessorImpl.newInstance(NativeConstructorAccessorImpl.java:62)
	at java.base/jdk.internal.reflect.DelegatingConstructorAccessorImpl.newInstance(DelegatingConstructorAccessorImpl.java:45)
	at java.base/java.lang.reflect.Constructor.newInstance(Constructor.java:490)
	at org.openqa.selenium.remote.http.W3CHttpResponseCodec.createException(W3CHttpResponseCodec.java:187)
	at org.openqa.selenium.remote.http.W3CHttpResponseCodec.decode(W3CHttpResponseCodec.java:122)
	at org.openqa.selenium.remote.http.W3CHttpResponseCodec.decode(W3CHttpResponseCodec.java:49)
	at org.openqa.selenium.remote.HttpCommandExecutor.execute(HttpCommandExecutor.java:158)
	at org.openqa.selenium.remote.service.DriverCommandExecutor.execute(DriverCommandExecutor.java:83)
	at org.openqa.selenium.remote.RemoteWebDriver.execute(RemoteWebDriver.java:552)
	at org.openqa.selenium.remote.RemoteWebDriver.findElement(RemoteWebDriver.java:323)
	at org.openqa.selenium.remote.RemoteWebDriver.findElementByXPath(RemoteWebDriver.java:428)
	at org.openqa.selenium.By$ByXPath.findElement(By.java:353)
	at org.openqa.selenium.remote.RemoteWebDriver.findElement(RemoteWebDriver.java:315)
	at org.openqa.selenium.support.pagefactory.DefaultElementLocator.findElement(DefaultElementLocator.java:69)
	at org.openqa.selenium.support.pagefactory.internal.LocatingElementHandler.invoke(LocatingElementHandler.java:38)
	at com.sun.proxy.$Proxy25.click(Unknown Source)
	at targethome.TargetHomePage.appsRegistryTab(TargetHomePage.java:103)
	at stepdefinitions.TargetStepDefinition.i_click_on_registry_tab(TargetStepDefinition.java:82)
	at ✽.I click on registry tab(file:///C:/Users/lenis/IdeaProjects/BDDWebAutomationFramework_WA_NY_Team2/TargetEcommerce/src/test/java/features/TargetHomePage.feature:20)

  And I click on Create a Baby box                         # stepdefinitions.TargetStepDefinition.i_click_on_create_a_baby_box()
  Then I validate EASY FOR EVERYONE is appeared properly   # stepdefinitions.TargetStepDefinition.i_validate_easy_for_everyone_is_appeared_properly()

    Embedding Demo [image/png 394520 bytes]


@SmokeTest
Scenario: TargetEcommerce Shopping Cart functionality test with valid data # src/test/java/features/TargetHomePage.feature:25
  Given I am on targetEcommerce home page                                  # stepdefinitions.TargetStepDefinition.i_am_on_target_ecommerce_home_page()
  When I do necessary steps to Target create Account page                  # stepdefinitions.TargetStepDefinition.i_do_necessary_steps_to_target_create_account_page()
      org.openqa.selenium.NoSuchElementException: no such element: Unable to locate element: {"method":"xpath","selector":"//span[@class='sc-AxjAm hhuVxr']//div[@class='sc-AxiKw eSbheu']"}
  (Session info: chrome=85.0.4183.102)
For documentation on this error, please visit: https://www.seleniumhq.org/exceptions/no_such_element.html
Build info: version: '3.141.59', revision: 'e82be7d358', time: '2018-11-14T08:17:03'
System info: host: 'LAPTOP-6QSDTELI', ip: '192.168.1.185', os.name: 'Windows 10', os.arch: 'amd64', os.version: '10.0', java.version: '11.0.8'
Driver info: org.openqa.selenium.chrome.ChromeDriver
Capabilities {acceptInsecureCerts: false, browserName: chrome, browserVersion: 85.0.4183.102, chrome: {chromedriverVersion: 85.0.4183.87 (cd6713ebf92fa..., userDataDir: C:\Users\lenis\AppData\Loca...}, goog:chromeOptions: {debuggerAddress: localhost:59364}, javascriptEnabled: true, networkConnectionEnabled: false, pageLoadStrategy: normal, platform: WINDOWS, platformName: WINDOWS, proxy: Proxy(), setWindowRect: true, strictFileInteractability: false, timeouts: {implicit: 0, pageLoad: 300000, script: 30000}, unhandledPromptBehavior: dismiss and notify, webauthn:virtualAuthenticators: true}
Session ID: 20316407ca21b838244071545607ae4a
*** Element info: {Using=xpath, value=//span[@class='sc-AxjAm hhuVxr']//div[@class='sc-AxiKw eSbheu']}
	at java.base/jdk.internal.reflect.NativeConstructorAccessorImpl.newInstance0(Native Method)
	at java.base/jdk.internal.reflect.NativeConstructorAccessorImpl.newInstance(NativeConstructorAccessorImpl.java:62)
	at java.base/jdk.internal.reflect.DelegatingConstructorAccessorImpl.newInstance(DelegatingConstructorAccessorImpl.java:45)
	at java.base/java.lang.reflect.Constructor.newInstance(Constructor.java:490)
	at org.openqa.selenium.remote.http.W3CHttpResponseCodec.createException(W3CHttpResponseCodec.java:187)
	at org.openqa.selenium.remote.http.W3CHttpResponseCodec.decode(W3CHttpResponseCodec.java:122)
	at org.openqa.selenium.remote.http.W3CHttpResponseCodec.decode(W3CHttpResponseCodec.java:49)
	at org.openqa.selenium.remote.HttpCommandExecutor.execute(HttpCommandExecutor.java:158)
	at org.openqa.selenium.remote.service.DriverCommandExecutor.execute(DriverCommandExecutor.java:83)
	at org.openqa.selenium.remote.RemoteWebDriver.execute(RemoteWebDriver.java:552)
	at org.openqa.selenium.remote.RemoteWebDriver.findElement(RemoteWebDriver.java:323)
	at org.openqa.selenium.remote.RemoteWebDriver.findElementByXPath(RemoteWebDriver.java:428)
	at org.openqa.selenium.By$ByXPath.findElement(By.java:353)
	at org.openqa.selenium.remote.RemoteWebDriver.findElement(RemoteWebDriver.java:315)
	at org.openqa.selenium.support.pagefactory.DefaultElementLocator.findElement(DefaultElementLocator.java:69)
	at org.openqa.selenium.support.pagefactory.internal.LocatingElementHandler.invoke(LocatingElementHandler.java:38)
	at com.sun.proxy.$Proxy25.click(Unknown Source)
	at targethome.TargetHomePage.shoppingCart(TargetHomePage.java:123)
	at stepdefinitions.TargetStepDefinition.i_do_necessary_steps_to_target_create_account_page(TargetStepDefinition.java:100)
	at ✽.I do necessary steps to Target create Account page(file:///C:/Users/lenis/IdeaProjects/BDDWebAutomationFramework_WA_NY_Team2/TargetEcommerce/src/test/java/features/TargetHomePage.feature:26)

  And I enter invalid credentials                                          # stepdefinitions.TargetStepDefinition.i_enter_invalid_credentials(io.cucumber.datatable.DataTable)
  And I Click on create account                                            # stepdefinitions.TargetStepDefinition.i_click_on_create_account()
  Then I validate Keep me signed in message                                # stepdefinitions.TargetStepDefinition.i_validate_keep_me_signed_in_message()

    Embedding Demo [image/png 394520 bytes]


@SmokeTest
Scenario: TargetEcommerce Shopping Cart functionality test with invalid data # src/test/java/features/TargetHomePage.feature:34
  Given I am on targetEcommerce home page                                    # stepdefinitions.TargetStepDefinition.i_am_on_target_ecommerce_home_page()
  When I do necessary steps to land sign In page                             # stepdefinitions.TargetStepDefinition.i_do_necessary_steps_to_land_sign_in_page()
      org.openqa.selenium.NoSuchElementException: no such element: Unable to locate element: {"method":"xpath","selector":"//span[@class='sc-AxjAm hhuVxr']//div[@class='sc-AxiKw eSbheu']"}
  (Session info: chrome=85.0.4183.102)
For documentation on this error, please visit: https://www.seleniumhq.org/exceptions/no_such_element.html
Build info: version: '3.141.59', revision: 'e82be7d358', time: '2018-11-14T08:17:03'
System info: host: 'LAPTOP-6QSDTELI', ip: '192.168.1.185', os.name: 'Windows 10', os.arch: 'amd64', os.version: '10.0', java.version: '11.0.8'
Driver info: org.openqa.selenium.chrome.ChromeDriver
Capabilities {acceptInsecureCerts: false, browserName: chrome, browserVersion: 85.0.4183.102, chrome: {chromedriverVersion: 85.0.4183.87 (cd6713ebf92fa..., userDataDir: C:\Users\lenis\AppData\Loca...}, goog:chromeOptions: {debuggerAddress: localhost:59442}, javascriptEnabled: true, networkConnectionEnabled: false, pageLoadStrategy: normal, platform: WINDOWS, platformName: WINDOWS, proxy: Proxy(), setWindowRect: true, strictFileInteractability: false, timeouts: {implicit: 0, pageLoad: 300000, script: 30000}, unhandledPromptBehavior: dismiss and notify, webauthn:virtualAuthenticators: true}
Session ID: 19015def48e23a7427b4c85e59017301
*** Element info: {Using=xpath, value=//span[@class='sc-AxjAm hhuVxr']//div[@class='sc-AxiKw eSbheu']}
	at java.base/jdk.internal.reflect.NativeConstructorAccessorImpl.newInstance0(Native Method)
	at java.base/jdk.internal.reflect.NativeConstructorAccessorImpl.newInstance(NativeConstructorAccessorImpl.java:62)
	at java.base/jdk.internal.reflect.DelegatingConstructorAccessorImpl.newInstance(DelegatingConstructorAccessorImpl.java:45)
	at java.base/java.lang.reflect.Constructor.newInstance(Constructor.java:490)
	at org.openqa.selenium.remote.http.W3CHttpResponseCodec.createException(W3CHttpResponseCodec.java:187)
	at org.openqa.selenium.remote.http.W3CHttpResponseCodec.decode(W3CHttpResponseCodec.java:122)
	at org.openqa.selenium.remote.http.W3CHttpResponseCodec.decode(W3CHttpResponseCodec.java:49)
	at org.openqa.selenium.remote.HttpCommandExecutor.execute(HttpCommandExecutor.java:158)
	at org.openqa.selenium.remote.service.DriverCommandExecutor.execute(DriverCommandExecutor.java:83)
	at org.openqa.selenium.remote.RemoteWebDriver.execute(RemoteWebDriver.java:552)
	at org.openqa.selenium.remote.RemoteWebDriver.findElement(RemoteWebDriver.java:323)
	at org.openqa.selenium.remote.RemoteWebDriver.findElementByXPath(RemoteWebDriver.java:428)
	at org.openqa.selenium.By$ByXPath.findElement(By.java:353)
	at org.openqa.selenium.remote.RemoteWebDriver.findElement(RemoteWebDriver.java:315)
	at org.openqa.selenium.support.pagefactory.DefaultElementLocator.findElement(DefaultElementLocator.java:69)
	at org.openqa.selenium.support.pagefactory.internal.LocatingElementHandler.invoke(LocatingElementHandler.java:38)
	at com.sun.proxy.$Proxy25.click(Unknown Source)
	at targethome.TargetHomePage.cartSignInNegative(TargetHomePage.java:154)
	at stepdefinitions.TargetStepDefinition.i_do_necessary_steps_to_land_sign_in_page(TargetStepDefinition.java:122)
	at ✽.I do necessary steps to land sign In page(file:///C:/Users/lenis/IdeaProjects/BDDWebAutomationFramework_WA_NY_Team2/TargetEcommerce/src/test/java/features/TargetHomePage.feature:35)

  And I enter invalid email in email field                                   # stepdefinitions.TargetStepDefinition.i_enter_invalid_email_in_email_field()
  And I enter invalid password in email field                                # stepdefinitions.TargetStepDefinition.i_enter_invalid_password_in_email_field()
  And I Click on sign In Button                                              # stepdefinitions.TargetStepDefinition.i_click_on_sign_in_button()

    Embedding Demo [image/png 394520 bytes]


@SmokeTest
Scenario: TargetEcommerce Create Account functionality test with valid data # src/test/java/features/TargetHomePage.feature:42
  Given I am on targetEcommerce home page                                   # stepdefinitions.TargetStepDefinition.i_am_on_target_ecommerce_home_page()
  When I do necessary steps to land on User info page                       # stepdefinitions.TargetStepDefinition.i_do_necessary_steps_to_land_on_user_info_page()
      org.openqa.selenium.NoSuchElementException: no such element: Unable to locate element: {"method":"xpath","selector":"//span[@class='styles__AccountName-sc-1kk0q5l-0 gIhNhN']"}
  (Session info: chrome=85.0.4183.102)
For documentation on this error, please visit: https://www.seleniumhq.org/exceptions/no_such_element.html
Build info: version: '3.141.59', revision: 'e82be7d358', time: '2018-11-14T08:17:03'
System info: host: 'LAPTOP-6QSDTELI', ip: '192.168.1.185', os.name: 'Windows 10', os.arch: 'amd64', os.version: '10.0', java.version: '11.0.8'
Driver info: org.openqa.selenium.chrome.ChromeDriver
Capabilities {acceptInsecureCerts: false, browserName: chrome, browserVersion: 85.0.4183.102, chrome: {chromedriverVersion: 85.0.4183.87 (cd6713ebf92fa..., userDataDir: C:\Users\lenis\AppData\Loca...}, goog:chromeOptions: {debuggerAddress: localhost:59518}, javascriptEnabled: true, networkConnectionEnabled: false, pageLoadStrategy: normal, platform: WINDOWS, platformName: WINDOWS, proxy: Proxy(), setWindowRect: true, strictFileInteractability: false, timeouts: {implicit: 0, pageLoad: 300000, script: 30000}, unhandledPromptBehavior: dismiss and notify, webauthn:virtualAuthenticators: true}
Session ID: f233d8597923e3aedb34213aac79c0ce
*** Element info: {Using=xpath, value=//span[@class='styles__AccountName-sc-1kk0q5l-0 gIhNhN']}
	at java.base/jdk.internal.reflect.NativeConstructorAccessorImpl.newInstance0(Native Method)
	at java.base/jdk.internal.reflect.NativeConstructorAccessorImpl.newInstance(NativeConstructorAccessorImpl.java:62)
	at java.base/jdk.internal.reflect.DelegatingConstructorAccessorImpl.newInstance(DelegatingConstructorAccessorImpl.java:45)
	at java.base/java.lang.reflect.Constructor.newInstance(Constructor.java:490)
	at org.openqa.selenium.remote.http.W3CHttpResponseCodec.createException(W3CHttpResponseCodec.java:187)
	at org.openqa.selenium.remote.http.W3CHttpResponseCodec.decode(W3CHttpResponseCodec.java:122)
	at org.openqa.selenium.remote.http.W3CHttpResponseCodec.decode(W3CHttpResponseCodec.java:49)
	at org.openqa.selenium.remote.HttpCommandExecutor.execute(HttpCommandExecutor.java:158)
	at org.openqa.selenium.remote.service.DriverCommandExecutor.execute(DriverCommandExecutor.java:83)
	at org.openqa.selenium.remote.RemoteWebDriver.execute(RemoteWebDriver.java:552)
	at org.openqa.selenium.remote.RemoteWebDriver.findElement(RemoteWebDriver.java:323)
	at org.openqa.selenium.remote.RemoteWebDriver.findElementByXPath(RemoteWebDriver.java:428)
	at org.openqa.selenium.By$ByXPath.findElement(By.java:353)
	at org.openqa.selenium.remote.RemoteWebDriver.findElement(RemoteWebDriver.java:315)
	at org.openqa.selenium.support.pagefactory.DefaultElementLocator.findElement(DefaultElementLocator.java:69)
	at org.openqa.selenium.support.pagefactory.internal.LocatingElementHandler.invoke(LocatingElementHandler.java:38)
	at com.sun.proxy.$Proxy25.click(Unknown Source)
	at targethome.TargetHomePage.dropDownSignInButton(TargetHomePage.java:178)
	at stepdefinitions.TargetStepDefinition.i_do_necessary_steps_to_land_on_user_info_page(TargetStepDefinition.java:151)
	at ✽.I do necessary steps to land on User info page(file:///C:/Users/lenis/IdeaProjects/BDDWebAutomationFramework_WA_NY_Team2/TargetEcommerce/src/test/java/features/TargetHomePage.feature:43)

  And I enter user credentials                                              # stepdefinitions.TargetStepDefinition.i_enter_user_credentials(io.cucumber.datatable.DataTable)
  And I Click on create account                                             # stepdefinitions.TargetStepDefinition.i_click_on_create_account()
  Then I validate signUp message                                            # stepdefinitions.TargetStepDefinition.i_validate_sign_up_message()

    Embedding Demo [image/png 394536 bytes]


@SmokeTest
Scenario Outline: TargetEcommerce signIn functionality test with validate # src/test/java/features/TargetHomePage.feature:57
  Given I am on targetEcommerce home page                                 # stepdefinitions.TargetStepDefinition.i_am_on_target_ecommerce_home_page()
  When I do necessary steps to land on User info page                     # stepdefinitions.TargetStepDefinition.i_do_necessary_steps_to_land_on_user_info_page()
      org.openqa.selenium.NoSuchElementException: no such element: Unable to locate element: {"method":"xpath","selector":"//span[@class='styles__AccountName-sc-1kk0q5l-0 gIhNhN']"}
  (Session info: chrome=85.0.4183.102)
For documentation on this error, please visit: https://www.seleniumhq.org/exceptions/no_such_element.html
Build info: version: '3.141.59', revision: 'e82be7d358', time: '2018-11-14T08:17:03'
System info: host: 'LAPTOP-6QSDTELI', ip: '192.168.1.185', os.name: 'Windows 10', os.arch: 'amd64', os.version: '10.0', java.version: '11.0.8'
Driver info: org.openqa.selenium.chrome.ChromeDriver
Capabilities {acceptInsecureCerts: false, browserName: chrome, browserVersion: 85.0.4183.102, chrome: {chromedriverVersion: 85.0.4183.87 (cd6713ebf92fa..., userDataDir: C:\Users\lenis\AppData\Loca...}, goog:chromeOptions: {debuggerAddress: localhost:59596}, javascriptEnabled: true, networkConnectionEnabled: false, pageLoadStrategy: normal, platform: WINDOWS, platformName: WINDOWS, proxy: Proxy(), setWindowRect: true, strictFileInteractability: false, timeouts: {implicit: 0, pageLoad: 300000, script: 30000}, unhandledPromptBehavior: dismiss and notify, webauthn:virtualAuthenticators: true}
Session ID: 54770460afb7b4bf98041093d6c77626
*** Element info: {Using=xpath, value=//span[@class='styles__AccountName-sc-1kk0q5l-0 gIhNhN']}
	at java.base/jdk.internal.reflect.NativeConstructorAccessorImpl.newInstance0(Native Method)
	at java.base/jdk.internal.reflect.NativeConstructorAccessorImpl.newInstance(NativeConstructorAccessorImpl.java:62)
	at java.base/jdk.internal.reflect.DelegatingConstructorAccessorImpl.newInstance(DelegatingConstructorAccessorImpl.java:45)
	at java.base/java.lang.reflect.Constructor.newInstance(Constructor.java:490)
	at org.openqa.selenium.remote.http.W3CHttpResponseCodec.createException(W3CHttpResponseCodec.java:187)
	at org.openqa.selenium.remote.http.W3CHttpResponseCodec.decode(W3CHttpResponseCodec.java:122)
	at org.openqa.selenium.remote.http.W3CHttpResponseCodec.decode(W3CHttpResponseCodec.java:49)
	at org.openqa.selenium.remote.HttpCommandExecutor.execute(HttpCommandExecutor.java:158)
	at org.openqa.selenium.remote.service.DriverCommandExecutor.execute(DriverCommandExecutor.java:83)
	at org.openqa.selenium.remote.RemoteWebDriver.execute(RemoteWebDriver.java:552)
	at org.openqa.selenium.remote.RemoteWebDriver.findElement(RemoteWebDriver.java:323)
	at org.openqa.selenium.remote.RemoteWebDriver.findElementByXPath(RemoteWebDriver.java:428)
	at org.openqa.selenium.By$ByXPath.findElement(By.java:353)
	at org.openqa.selenium.remote.RemoteWebDriver.findElement(RemoteWebDriver.java:315)
	at org.openqa.selenium.support.pagefactory.DefaultElementLocator.findElement(DefaultElementLocator.java:69)
	at org.openqa.selenium.support.pagefactory.internal.LocatingElementHandler.invoke(LocatingElementHandler.java:38)
	at com.sun.proxy.$Proxy25.click(Unknown Source)
	at targethome.TargetHomePage.dropDownSignInButton(TargetHomePage.java:178)
	at stepdefinitions.TargetStepDefinition.i_do_necessary_steps_to_land_on_user_info_page(TargetStepDefinition.java:151)
	at ✽.I do necessary steps to land on User info page(file:///C:/Users/lenis/IdeaProjects/BDDWebAutomationFramework_WA_NY_Team2/TargetEcommerce/src/test/java/features/TargetHomePage.feature:52)

  And I enter use email "pnt30235_NY@gmail.com"                           # stepdefinitions.TargetStepDefinition.i_enter_use_email(java.lang.String)
  And I enter user password  "pnt30235ny"                                 # stepdefinitions.TargetStepDefinition.i_enter_user_password(java.lang.String)

    Embedding Demo [image/png 394535 bytes]


@SmokeTest
Scenario Outline: TargetEcommerce signIn functionality test with validate # src/test/java/features/TargetHomePage.feature:58
  Given I am on targetEcommerce home page                                 # stepdefinitions.TargetStepDefinition.i_am_on_target_ecommerce_home_page()
  When I do necessary steps to land on User info page                     # stepdefinitions.TargetStepDefinition.i_do_necessary_steps_to_land_on_user_info_page()
      org.openqa.selenium.NoSuchElementException: no such element: Unable to locate element: {"method":"xpath","selector":"//span[@class='styles__AccountName-sc-1kk0q5l-0 gIhNhN']"}
  (Session info: chrome=85.0.4183.102)
For documentation on this error, please visit: https://www.seleniumhq.org/exceptions/no_such_element.html
Build info: version: '3.141.59', revision: 'e82be7d358', time: '2018-11-14T08:17:03'
System info: host: 'LAPTOP-6QSDTELI', ip: '192.168.1.185', os.name: 'Windows 10', os.arch: 'amd64', os.version: '10.0', java.version: '11.0.8'
Driver info: org.openqa.selenium.chrome.ChromeDriver
Capabilities {acceptInsecureCerts: false, browserName: chrome, browserVersion: 85.0.4183.102, chrome: {chromedriverVersion: 85.0.4183.87 (cd6713ebf92fa..., userDataDir: C:\Users\lenis\AppData\Loca...}, goog:chromeOptions: {debuggerAddress: localhost:59676}, javascriptEnabled: true, networkConnectionEnabled: false, pageLoadStrategy: normal, platform: WINDOWS, platformName: WINDOWS, proxy: Proxy(), setWindowRect: true, strictFileInteractability: false, timeouts: {implicit: 0, pageLoad: 300000, script: 30000}, unhandledPromptBehavior: dismiss and notify, webauthn:virtualAuthenticators: true}
Session ID: a5bf43472695dff58779ed6198c430d5
*** Element info: {Using=xpath, value=//span[@class='styles__AccountName-sc-1kk0q5l-0 gIhNhN']}
	at java.base/jdk.internal.reflect.NativeConstructorAccessorImpl.newInstance0(Native Method)
	at java.base/jdk.internal.reflect.NativeConstructorAccessorImpl.newInstance(NativeConstructorAccessorImpl.java:62)
	at java.base/jdk.internal.reflect.DelegatingConstructorAccessorImpl.newInstance(DelegatingConstructorAccessorImpl.java:45)
	at java.base/java.lang.reflect.Constructor.newInstance(Constructor.java:490)
	at org.openqa.selenium.remote.http.W3CHttpResponseCodec.createException(W3CHttpResponseCodec.java:187)
	at org.openqa.selenium.remote.http.W3CHttpResponseCodec.decode(W3CHttpResponseCodec.java:122)
	at org.openqa.selenium.remote.http.W3CHttpResponseCodec.decode(W3CHttpResponseCodec.java:49)
	at org.openqa.selenium.remote.HttpCommandExecutor.execute(HttpCommandExecutor.java:158)
	at org.openqa.selenium.remote.service.DriverCommandExecutor.execute(DriverCommandExecutor.java:83)
	at org.openqa.selenium.remote.RemoteWebDriver.execute(RemoteWebDriver.java:552)
	at org.openqa.selenium.remote.RemoteWebDriver.findElement(RemoteWebDriver.java:323)
	at org.openqa.selenium.remote.RemoteWebDriver.findElementByXPath(RemoteWebDriver.java:428)
	at org.openqa.selenium.By$ByXPath.findElement(By.java:353)
	at org.openqa.selenium.remote.RemoteWebDriver.findElement(RemoteWebDriver.java:315)
	at org.openqa.selenium.support.pagefactory.DefaultElementLocator.findElement(DefaultElementLocator.java:69)
	at org.openqa.selenium.support.pagefactory.internal.LocatingElementHandler.invoke(LocatingElementHandler.java:38)
	at com.sun.proxy.$Proxy25.click(Unknown Source)
	at targethome.TargetHomePage.dropDownSignInButton(TargetHomePage.java:178)
	at stepdefinitions.TargetStepDefinition.i_do_necessary_steps_to_land_on_user_info_page(TargetStepDefinition.java:151)
	at ✽.I do necessary steps to land on User info page(file:///C:/Users/lenis/IdeaProjects/BDDWebAutomationFramework_WA_NY_Team2/TargetEcommerce/src/test/java/features/TargetHomePage.feature:52)

  And I enter use email "pnt30236_NY@gmail.com"                           # stepdefinitions.TargetStepDefinition.i_enter_use_email(java.lang.String)
  And I enter user password  "pnt30236ny"                                 # stepdefinitions.TargetStepDefinition.i_enter_user_password(java.lang.String)

    Embedding Demo [image/png 393683 bytes]


@SmokeTest
Scenario Outline: TargetEcommerce signIn functionality test with validate # src/test/java/features/TargetHomePage.feature:59
  Given I am on targetEcommerce home page                                 # stepdefinitions.TargetStepDefinition.i_am_on_target_ecommerce_home_page()
  When I do necessary steps to land on User info page                     # stepdefinitions.TargetStepDefinition.i_do_necessary_steps_to_land_on_user_info_page()
      org.openqa.selenium.NoSuchElementException: no such element: Unable to locate element: {"method":"xpath","selector":"//span[@class='styles__AccountName-sc-1kk0q5l-0 gIhNhN']"}
  (Session info: chrome=85.0.4183.102)
For documentation on this error, please visit: https://www.seleniumhq.org/exceptions/no_such_element.html
Build info: version: '3.141.59', revision: 'e82be7d358', time: '2018-11-14T08:17:03'
System info: host: 'LAPTOP-6QSDTELI', ip: '192.168.1.185', os.name: 'Windows 10', os.arch: 'amd64', os.version: '10.0', java.version: '11.0.8'
Driver info: org.openqa.selenium.chrome.ChromeDriver
Capabilities {acceptInsecureCerts: false, browserName: chrome, browserVersion: 85.0.4183.102, chrome: {chromedriverVersion: 85.0.4183.87 (cd6713ebf92fa..., userDataDir: C:\Users\lenis\AppData\Loca...}, goog:chromeOptions: {debuggerAddress: localhost:59756}, javascriptEnabled: true, networkConnectionEnabled: false, pageLoadStrategy: normal, platform: WINDOWS, platformName: WINDOWS, proxy: Proxy(), setWindowRect: true, strictFileInteractability: false, timeouts: {implicit: 0, pageLoad: 300000, script: 30000}, unhandledPromptBehavior: dismiss and notify, webauthn:virtualAuthenticators: true}
Session ID: 5d2541c871e096a6815926179881d132
*** Element info: {Using=xpath, value=//span[@class='styles__AccountName-sc-1kk0q5l-0 gIhNhN']}
	at java.base/jdk.internal.reflect.NativeConstructorAccessorImpl.newInstance0(Native Method)
	at java.base/jdk.internal.reflect.NativeConstructorAccessorImpl.newInstance(NativeConstructorAccessorImpl.java:62)
	at java.base/jdk.internal.reflect.DelegatingConstructorAccessorImpl.newInstance(DelegatingConstructorAccessorImpl.java:45)
	at java.base/java.lang.reflect.Constructor.newInstance(Constructor.java:490)
	at org.openqa.selenium.remote.http.W3CHttpResponseCodec.createException(W3CHttpResponseCodec.java:187)
	at org.openqa.selenium.remote.http.W3CHttpResponseCodec.decode(W3CHttpResponseCodec.java:122)
	at org.openqa.selenium.remote.http.W3CHttpResponseCodec.decode(W3CHttpResponseCodec.java:49)
	at org.openqa.selenium.remote.HttpCommandExecutor.execute(HttpCommandExecutor.java:158)
	at org.openqa.selenium.remote.service.DriverCommandExecutor.execute(DriverCommandExecutor.java:83)
	at org.openqa.selenium.remote.RemoteWebDriver.execute(RemoteWebDriver.java:552)
	at org.openqa.selenium.remote.RemoteWebDriver.findElement(RemoteWebDriver.java:323)
	at org.openqa.selenium.remote.RemoteWebDriver.findElementByXPath(RemoteWebDriver.java:428)
	at org.openqa.selenium.By$ByXPath.findElement(By.java:353)
	at org.openqa.selenium.remote.RemoteWebDriver.findElement(RemoteWebDriver.java:315)
	at org.openqa.selenium.support.pagefactory.DefaultElementLocator.findElement(DefaultElementLocator.java:69)
	at org.openqa.selenium.support.pagefactory.internal.LocatingElementHandler.invoke(LocatingElementHandler.java:38)
	at com.sun.proxy.$Proxy25.click(Unknown Source)
	at targethome.TargetHomePage.dropDownSignInButton(TargetHomePage.java:178)
	at stepdefinitions.TargetStepDefinition.i_do_necessary_steps_to_land_on_user_info_page(TargetStepDefinition.java:151)
	at ✽.I do necessary steps to land on User info page(file:///C:/Users/lenis/IdeaProjects/BDDWebAutomationFramework_WA_NY_Team2/TargetEcommerce/src/test/java/features/TargetHomePage.feature:52)

  And I enter use email "pnt30237_NY@gmail.com"                           # stepdefinitions.TargetStepDefinition.i_enter_use_email(java.lang.String)
  And I enter user password  "pnt30237ny"                                 # stepdefinitions.TargetStepDefinition.i_enter_user_password(java.lang.String)

    Embedding Demo [image/png 394520 bytes]


@SmokeTest
Scenario Outline: TargetEcommerce signIn functionality test with validate # src/test/java/features/TargetHomePage.feature:60
  Given I am on targetEcommerce home page                                 # stepdefinitions.TargetStepDefinition.i_am_on_target_ecommerce_home_page()
  When I do necessary steps to land on User info page                     # stepdefinitions.TargetStepDefinition.i_do_necessary_steps_to_land_on_user_info_page()
      org.openqa.selenium.NoSuchElementException: no such element: Unable to locate element: {"method":"xpath","selector":"//span[@class='styles__AccountName-sc-1kk0q5l-0 gIhNhN']"}
  (Session info: chrome=85.0.4183.102)
For documentation on this error, please visit: https://www.seleniumhq.org/exceptions/no_such_element.html
Build info: version: '3.141.59', revision: 'e82be7d358', time: '2018-11-14T08:17:03'
System info: host: 'LAPTOP-6QSDTELI', ip: '192.168.1.185', os.name: 'Windows 10', os.arch: 'amd64', os.version: '10.0', java.version: '11.0.8'
Driver info: org.openqa.selenium.chrome.ChromeDriver
Capabilities {acceptInsecureCerts: false, browserName: chrome, browserVersion: 85.0.4183.102, chrome: {chromedriverVersion: 85.0.4183.87 (cd6713ebf92fa..., userDataDir: C:\Users\lenis\AppData\Loca...}, goog:chromeOptions: {debuggerAddress: localhost:59837}, javascriptEnabled: true, networkConnectionEnabled: false, pageLoadStrategy: normal, platform: WINDOWS, platformName: WINDOWS, proxy: Proxy(), setWindowRect: true, strictFileInteractability: false, timeouts: {implicit: 0, pageLoad: 300000, script: 30000}, unhandledPromptBehavior: dismiss and notify, webauthn:virtualAuthenticators: true}
Session ID: af493d9b10d727593a8d1fdf28613e75
*** Element info: {Using=xpath, value=//span[@class='styles__AccountName-sc-1kk0q5l-0 gIhNhN']}
	at java.base/jdk.internal.reflect.NativeConstructorAccessorImpl.newInstance0(Native Method)
	at java.base/jdk.internal.reflect.NativeConstructorAccessorImpl.newInstance(NativeConstructorAccessorImpl.java:62)
	at java.base/jdk.internal.reflect.DelegatingConstructorAccessorImpl.newInstance(DelegatingConstructorAccessorImpl.java:45)
	at java.base/java.lang.reflect.Constructor.newInstance(Constructor.java:490)
	at org.openqa.selenium.remote.http.W3CHttpResponseCodec.createException(W3CHttpResponseCodec.java:187)
	at org.openqa.selenium.remote.http.W3CHttpResponseCodec.decode(W3CHttpResponseCodec.java:122)
	at org.openqa.selenium.remote.http.W3CHttpResponseCodec.decode(W3CHttpResponseCodec.java:49)
	at org.openqa.selenium.remote.HttpCommandExecutor.execute(HttpCommandExecutor.java:158)
	at org.openqa.selenium.remote.service.DriverCommandExecutor.execute(DriverCommandExecutor.java:83)
	at org.openqa.selenium.remote.RemoteWebDriver.execute(RemoteWebDriver.java:552)
	at org.openqa.selenium.remote.RemoteWebDriver.findElement(RemoteWebDriver.java:323)
	at org.openqa.selenium.remote.RemoteWebDriver.findElementByXPath(RemoteWebDriver.java:428)
	at org.openqa.selenium.By$ByXPath.findElement(By.java:353)
	at org.openqa.selenium.remote.RemoteWebDriver.findElement(RemoteWebDriver.java:315)
	at org.openqa.selenium.support.pagefactory.DefaultElementLocator.findElement(DefaultElementLocator.java:69)
	at org.openqa.selenium.support.pagefactory.internal.LocatingElementHandler.invoke(LocatingElementHandler.java:38)
	at com.sun.proxy.$Proxy25.click(Unknown Source)
	at targethome.TargetHomePage.dropDownSignInButton(TargetHomePage.java:178)
	at stepdefinitions.TargetStepDefinition.i_do_necessary_steps_to_land_on_user_info_page(TargetStepDefinition.java:151)
	at ✽.I do necessary steps to land on User info page(file:///C:/Users/lenis/IdeaProjects/BDDWebAutomationFramework_WA_NY_Team2/TargetEcommerce/src/test/java/features/TargetHomePage.feature:52)

  And I enter use email "pnt30238_NY@gmail.com"                           # stepdefinitions.TargetStepDefinition.i_enter_use_email(java.lang.String)
  And I enter user password  "pnt30238ny"                                 # stepdefinitions.TargetStepDefinition.i_enter_user_password(java.lang.String)

    Embedding Demo [image/png 394520 bytes]


@SmokeTest
Scenario Outline: TargetEcommerce signIn functionality test with validate # src/test/java/features/TargetHomePage.feature:61
  Given I am on targetEcommerce home page                                 # stepdefinitions.TargetStepDefinition.i_am_on_target_ecommerce_home_page()
  When I do necessary steps to land on User info page                     # stepdefinitions.TargetStepDefinition.i_do_necessary_steps_to_land_on_user_info_page()
      org.openqa.selenium.NoSuchElementException: no such element: Unable to locate element: {"method":"xpath","selector":"//span[@class='styles__AccountName-sc-1kk0q5l-0 gIhNhN']"}
  (Session info: chrome=85.0.4183.102)
For documentation on this error, please visit: https://www.seleniumhq.org/exceptions/no_such_element.html
Build info: version: '3.141.59', revision: 'e82be7d358', time: '2018-11-14T08:17:03'
System info: host: 'LAPTOP-6QSDTELI', ip: '192.168.1.185', os.name: 'Windows 10', os.arch: 'amd64', os.version: '10.0', java.version: '11.0.8'
Driver info: org.openqa.selenium.chrome.ChromeDriver
Capabilities {acceptInsecureCerts: false, browserName: chrome, browserVersion: 85.0.4183.102, chrome: {chromedriverVersion: 85.0.4183.87 (cd6713ebf92fa..., userDataDir: C:\Users\lenis\AppData\Loca...}, goog:chromeOptions: {debuggerAddress: localhost:59914}, javascriptEnabled: true, networkConnectionEnabled: false, pageLoadStrategy: normal, platform: WINDOWS, platformName: WINDOWS, proxy: Proxy(), setWindowRect: true, strictFileInteractability: false, timeouts: {implicit: 0, pageLoad: 300000, script: 30000}, unhandledPromptBehavior: dismiss and notify, webauthn:virtualAuthenticators: true}
Session ID: c4cd48c8a906e2624144d434606f7e61
*** Element info: {Using=xpath, value=//span[@class='styles__AccountName-sc-1kk0q5l-0 gIhNhN']}
	at java.base/jdk.internal.reflect.NativeConstructorAccessorImpl.newInstance0(Native Method)
	at java.base/jdk.internal.reflect.NativeConstructorAccessorImpl.newInstance(NativeConstructorAccessorImpl.java:62)
	at java.base/jdk.internal.reflect.DelegatingConstructorAccessorImpl.newInstance(DelegatingConstructorAccessorImpl.java:45)
	at java.base/java.lang.reflect.Constructor.newInstance(Constructor.java:490)
	at org.openqa.selenium.remote.http.W3CHttpResponseCodec.createException(W3CHttpResponseCodec.java:187)
	at org.openqa.selenium.remote.http.W3CHttpResponseCodec.decode(W3CHttpResponseCodec.java:122)
	at org.openqa.selenium.remote.http.W3CHttpResponseCodec.decode(W3CHttpResponseCodec.java:49)
	at org.openqa.selenium.remote.HttpCommandExecutor.execute(HttpCommandExecutor.java:158)
	at org.openqa.selenium.remote.service.DriverCommandExecutor.execute(DriverCommandExecutor.java:83)
	at org.openqa.selenium.remote.RemoteWebDriver.execute(RemoteWebDriver.java:552)
	at org.openqa.selenium.remote.RemoteWebDriver.findElement(RemoteWebDriver.java:323)
	at org.openqa.selenium.remote.RemoteWebDriver.findElementByXPath(RemoteWebDriver.java:428)
	at org.openqa.selenium.By$ByXPath.findElement(By.java:353)
	at org.openqa.selenium.remote.RemoteWebDriver.findElement(RemoteWebDriver.java:315)
	at org.openqa.selenium.support.pagefactory.DefaultElementLocator.findElement(DefaultElementLocator.java:69)
	at org.openqa.selenium.support.pagefactory.internal.LocatingElementHandler.invoke(LocatingElementHandler.java:38)
	at com.sun.proxy.$Proxy25.click(Unknown Source)
	at targethome.TargetHomePage.dropDownSignInButton(TargetHomePage.java:178)
	at stepdefinitions.TargetStepDefinition.i_do_necessary_steps_to_land_on_user_info_page(TargetStepDefinition.java:151)
	at ✽.I do necessary steps to land on User info page(file:///C:/Users/lenis/IdeaProjects/BDDWebAutomationFramework_WA_NY_Team2/TargetEcommerce/src/test/java/features/TargetHomePage.feature:52)

  And I enter use email "pnt30239_NY@gmail.com"                           # stepdefinitions.TargetStepDefinition.i_enter_use_email(java.lang.String)
  And I enter user password  "pnt30239ny"                                 # stepdefinitions.TargetStepDefinition.i_enter_user_password(java.lang.String)

    Embedding Demo [image/png 394520 bytes]


@SmokeTest
Scenario Outline: TargetEcommerce SearchBox functionality test with validate using data table # src/test/java/features/TargetHomePage.feature:73
  Given I am on targetEcommerce home page                                                     # stepdefinitions.TargetStepDefinition.i_am_on_target_ecommerce_home_page()
  And I enter "Samsung Phones" in searchBox                                                   # stepdefinitions.TargetStepDefinition.i_enter_in_search_box(java.lang.String)
  When I click searchButton                                                                   # stepdefinitions.TargetStepDefinition.i_click_search_button()
  And I validate "\"Samsung Phones\"" is appear properly                                      # stepdefinitions.TargetStepDefinition.i_validate_is_appear_properly(java.lang.String)
  And I validate page title as "Target : Expect More. Pay Less."                              # stepdefinitions.TargetStepDefinition.i_validate_page_title_as(java.lang.String)

@SmokeTest
Scenario Outline: TargetEcommerce SearchBox functionality test with validate using data table # src/test/java/features/TargetHomePage.feature:74
  Given I am on targetEcommerce home page                                                     # stepdefinitions.TargetStepDefinition.i_am_on_target_ecommerce_home_page()
  And I enter "Apple Watches" in searchBox                                                    # stepdefinitions.TargetStepDefinition.i_enter_in_search_box(java.lang.String)
  When I click searchButton                                                                   # stepdefinitions.TargetStepDefinition.i_click_search_button()
  And I validate "\"Apple Watches\"" is appear properly                                       # stepdefinitions.TargetStepDefinition.i_validate_is_appear_properly(java.lang.String)
  And I validate page title as "Target : Expect More. Pay Less."                              # stepdefinitions.TargetStepDefinition.i_validate_page_title_as(java.lang.String)

@SmokeTest
Scenario Outline: TargetEcommerce SearchBox functionality test with validate using data table # src/test/java/features/TargetHomePage.feature:75
  Given I am on targetEcommerce home page                                                     # stepdefinitions.TargetStepDefinition.i_am_on_target_ecommerce_home_page()
  And I enter "Apple ipads" in searchBox                                                      # stepdefinitions.TargetStepDefinition.i_enter_in_search_box(java.lang.String)
  When I click searchButton                                                                   # stepdefinitions.TargetStepDefinition.i_click_search_button()
  And I validate "\"Apple ipads\"" is appear properly                                         # stepdefinitions.TargetStepDefinition.i_validate_is_appear_properly(java.lang.String)
  And I validate page title as "Target : Expect More. Pay Less."                              # stepdefinitions.TargetStepDefinition.i_validate_page_title_as(java.lang.String)

@SmokeTest
Scenario Outline: TargetEcommerce SearchBox functionality test with validate using data table # src/test/java/features/TargetHomePage.feature:76
  Given I am on targetEcommerce home page                                                     # stepdefinitions.TargetStepDefinition.i_am_on_target_ecommerce_home_page()
  And I enter "iphone 11 Pro Max" in searchBox                                                # stepdefinitions.TargetStepDefinition.i_enter_in_search_box(java.lang.String)
  When I click searchButton                                                                   # stepdefinitions.TargetStepDefinition.i_click_search_button()
  And I validate "\"iphone 11 Pro Max\"" is appear properly                                   # stepdefinitions.TargetStepDefinition.i_validate_is_appear_properly(java.lang.String)
  And I validate page title as "Target : Expect More. Pay Less."                              # stepdefinitions.TargetStepDefinition.i_validate_page_title_as(java.lang.String)

@SmokeTest
Scenario Outline: TargetEcommerce SearchBox functionality test with validate using data table # src/test/java/features/TargetHomePage.feature:77
  Given I am on targetEcommerce home page                                                     # stepdefinitions.TargetStepDefinition.i_am_on_target_ecommerce_home_page()
  And I enter "Samsung Tablets" in searchBox                                                  # stepdefinitions.TargetStepDefinition.i_enter_in_search_box(java.lang.String)
  When I click searchButton                                                                   # stepdefinitions.TargetStepDefinition.i_click_search_button()
  And I validate "\"Samsung Tablets\"" is appear properly                                     # stepdefinitions.TargetStepDefinition.i_validate_is_appear_properly(java.lang.String)
  And I validate page title as "Target : Expect More. Pay Less."                              # stepdefinitions.TargetStepDefinition.i_validate_page_title_as(java.lang.String)
