<?xml version="1.0" encoding="UTF-8" standalone="no"?>
<testsuite errors="0" failures="6" name="io.cucumber.core.plugin.JUnitFormatter" skipped="0" tests="11" time="238.064">
    <testcase classname="Cnn Login Functionality" name="Login with invalid credentials" time="15.74">
        <system-out>
            <![CDATA[Given I am on cnn home page.................................................passed
When I click on user account button.........................................passed
And I enter "test@gmail.com" into email text field..........................passed
And I enter "123456" into password text field...............................passed
And I click on login button.................................................passed
Then I verify invalid login text............................................passed
]]>
        </system-out>
    </testcase>
    <testcase classname="Cnn Login Functionality" name="Login with invalid credentials for multiple users" time="10.256">
        <system-out>
            <![CDATA[Given I am on cnn home page.................................................passed
When I click on user account button.........................................passed
And I enter "pnt123@gmail.com" into email text field........................passed
And I enter "test123456" into password text field...........................passed
And I click on login button.................................................passed
Then I verify invalid login text............................................passed
]]>
        </system-out>
    </testcase>
    <testcase classname="Cnn Login Functionality" name="Login with invalid credentials for multiple users 2" time="14.422">
        <system-out>
            <![CDATA[Given I am on cnn home page.................................................passed
When I click on user account button.........................................passed
And I enter "ant321@gmail.com" into email text field........................passed
And I enter "ant123456" into password text field............................passed
And I click on login button.................................................passed
Then I verify invalid login text............................................passed
]]>
        </system-out>
    </testcase>
    <testcase classname="Cnn Login Functionality" name="Login with  all valid credentials" time="12.461">
        <system-out>
            <![CDATA[Given I am on cnn home page.................................................passed
When I click on user account button.........................................passed
And I enter "pntp.2020@gmail.com" into email text field.....................passed
And I enter "Test2020@" into password text field............................passed
And I click on login button.................................................passed
Then I verify the page title................................................passed
]]>
        </system-out>
    </testcase>
    <testcase classname="Cnn Sign up" name="Sign up  with invalid email address" time="28.284">
        <failure message="no such element: Unable to locate element: {&quot;method&quot;:&quot;xpath&quot;,&quot;selector&quot;:&quot;//input[@name='loginPassword']&quot;}&#10;  (Session info: chrome=85.0.4183.121)&#10;For documentation on this error, please visit: https://www.seleniumhq.org/exceptions/no_such_element.html&#10;Build info: version: '3.141.59', revision: 'e82be7d358', time: '2018-11-14T08:17:03'&#10;System info: host: 'Syeds-MacBook-Pro.local', ip: '2604:2000:b102:8800:24ab:2c28:90a:c5df%en0', os.name: 'Mac OS X', os.arch: 'x86_64', os.version: '10.14.6', java.version: '11.0.8'&#10;Driver info: org.openqa.selenium.chrome.ChromeDriver&#10;Capabilities {acceptInsecureCerts: false, browserName: chrome, browserVersion: 85.0.4183.121, chrome: {chromedriverVersion: 85.0.4183.87 (cd6713ebf92fa..., userDataDir: /var/folders/4y/llbfbmfx3tv...}, goog:chromeOptions: {debuggerAddress: localhost:49975}, javascriptEnabled: true, networkConnectionEnabled: false, pageLoadStrategy: normal, platform: MAC, platformName: MAC, proxy: Proxy(), setWindowRect: true, strictFileInteractability: false, timeouts: {implicit: 0, pageLoad: 300000, script: 30000}, unhandledPromptBehavior: dismiss and notify, webauthn:virtualAuthenticators: true}&#10;Session ID: 34aa55a8608c169dc4b2024c09040382&#10;*** Element info: {Using=xpath, value=//input[@name='loginPassword']}" type="org.openqa.selenium.NoSuchElementException">
            <![CDATA[Given I am on cnn home page.................................................passed
When I click on user account button.........................................passed
And I click on sign up link.................................................passed
And I enter "abcd" into email text field....................................passed
And I enter "Test2020@" into password text field............................failed
And I enter "11435" into the zipcode text field.............................skipped
And I click on register button..............................................skipped
Then I verify invalid email address text....................................skipped

StackTrace:
org.openqa.selenium.NoSuchElementException: no such element: Unable to locate element: {"method":"xpath","selector":"//input[@name='loginPassword']"}
  (Session info: chrome=85.0.4183.121)
For documentation on this error, please visit: https://www.seleniumhq.org/exceptions/no_such_element.html
Build info: version: '3.141.59', revision: 'e82be7d358', time: '2018-11-14T08:17:03'
System info: host: 'Syeds-MacBook-Pro.local', ip: '2604:2000:b102:8800:24ab:2c28:90a:c5df%en0', os.name: 'Mac OS X', os.arch: 'x86_64', os.version: '10.14.6', java.version: '11.0.8'
Driver info: org.openqa.selenium.chrome.ChromeDriver
Capabilities {acceptInsecureCerts: false, browserName: chrome, browserVersion: 85.0.4183.121, chrome: {chromedriverVersion: 85.0.4183.87 (cd6713ebf92fa..., userDataDir: /var/folders/4y/llbfbmfx3tv...}, goog:chromeOptions: {debuggerAddress: localhost:49975}, javascriptEnabled: true, networkConnectionEnabled: false, pageLoadStrategy: normal, platform: MAC, platformName: MAC, proxy: Proxy(), setWindowRect: true, strictFileInteractability: false, timeouts: {implicit: 0, pageLoad: 300000, script: 30000}, unhandledPromptBehavior: dismiss and notify, webauthn:virtualAuthenticators: true}
Session ID: 34aa55a8608c169dc4b2024c09040382
*** Element info: {Using=xpath, value=//input[@name='loginPassword']}
	at java.base/jdk.internal.reflect.NativeConstructorAccessorImpl.newInstance0(Native Method)
	at java.base/jdk.internal.reflect.NativeConstructorAccessorImpl.newInstance(NativeConstructorAccessorImpl.java:62)
	at java.base/jdk.internal.reflect.DelegatingConstructorAccessorImpl.newInstance(DelegatingConstructorAccessorImpl.java:45)
	at java.base/java.lang.reflect.Constructor.newInstance(Constructor.java:490)
	at org.openqa.selenium.remote.http.W3CHttpResponseCodec.createException(W3CHttpResponseCodec.java:187)
	at org.openqa.selenium.remote.http.W3CHttpResponseCodec.decode(W3CHttpResponseCodec.java:122)
	at org.openqa.selenium.remote.http.W3CHttpResponseCodec.decode(W3CHttpResponseCodec.java:49)
	at org.openqa.selenium.remote.HttpCommandExecutor.execute(HttpCommandExecutor.java:158)
	at org.openqa.selenium.remote.service.DriverCommandExecutor.execute(DriverCommandExecutor.java:83)
	at org.openqa.selenium.remote.RemoteWebDriver.execute(RemoteWebDriver.java:552)
	at org.openqa.selenium.remote.RemoteWebDriver.findElement(RemoteWebDriver.java:323)
	at org.openqa.selenium.remote.RemoteWebDriver.findElementByXPath(RemoteWebDriver.java:428)
	at org.openqa.selenium.By$ByXPath.findElement(By.java:353)
	at org.openqa.selenium.remote.RemoteWebDriver.findElement(RemoteWebDriver.java:315)
	at org.openqa.selenium.support.pagefactory.DefaultElementLocator.findElement(DefaultElementLocator.java:69)
	at org.openqa.selenium.support.pagefactory.internal.LocatingElementHandler.invoke(LocatingElementHandler.java:38)
	at com.sun.proxy.$Proxy24.sendKeys(Unknown Source)
	at common.WebAPI.typeOnElement(WebAPI.java:226)
	at cnnhome.CnnHomePage.enterPasswordIntoPasswordField(CnnHomePage.java:90)
	at stepdefinitions.CnnHomeStepsDefinitions.i_enter_into_password_text_field(CnnHomeStepsDefinitions.java:58)
	at âœ½.I enter "Test2020@" into password text field(file:///Users/syedhussain/IdeaProjects/BDDWebAutomationFramework_WA_NY_Team2/CNN/src/test/java/features/CnnSignup.feature:14)
]]>
        </failure>
    </testcase>
    <testcase classname="Cnn Sign up" name="Sign up  with invalid password" time="29.774">
        <failure message="no such element: Unable to locate element: {&quot;method&quot;:&quot;xpath&quot;,&quot;selector&quot;:&quot;//input[@name='loginEmail']&quot;}&#10;  (Session info: chrome=85.0.4183.121)&#10;For documentation on this error, please visit: https://www.seleniumhq.org/exceptions/no_such_element.html&#10;Build info: version: '3.141.59', revision: 'e82be7d358', time: '2018-11-14T08:17:03'&#10;System info: host: 'Syeds-MacBook-Pro.local', ip: '2604:2000:b102:8800:24ab:2c28:90a:c5df%en0', os.name: 'Mac OS X', os.arch: 'x86_64', os.version: '10.14.6', java.version: '11.0.8'&#10;Driver info: org.openqa.selenium.chrome.ChromeDriver&#10;Capabilities {acceptInsecureCerts: false, browserName: chrome, browserVersion: 85.0.4183.121, chrome: {chromedriverVersion: 85.0.4183.87 (cd6713ebf92fa..., userDataDir: /var/folders/4y/llbfbmfx3tv...}, goog:chromeOptions: {debuggerAddress: localhost:50350}, javascriptEnabled: true, networkConnectionEnabled: false, pageLoadStrategy: normal, platform: MAC, platformName: MAC, proxy: Proxy(), setWindowRect: true, strictFileInteractability: false, timeouts: {implicit: 0, pageLoad: 300000, script: 30000}, unhandledPromptBehavior: dismiss and notify, webauthn:virtualAuthenticators: true}&#10;Session ID: 5e7af19fbcbc9b91c78f753280cd1377&#10;*** Element info: {Using=xpath, value=//input[@name='loginEmail']}" type="org.openqa.selenium.NoSuchElementException">
            <![CDATA[Given I am on cnn home page.................................................passed
When I click on user account button.........................................passed
And I click on sign up link.................................................passed
And I enter "pntp.2020@gmail.com" into email text field.....................failed
And I enter "asdfghj" into password text field..............................skipped
And I enter "11435" into the zipcode text field.............................skipped
And I click on register button..............................................skipped
Then I verify invalid password text.........................................skipped

StackTrace:
org.openqa.selenium.NoSuchElementException: no such element: Unable to locate element: {"method":"xpath","selector":"//input[@name='loginEmail']"}
  (Session info: chrome=85.0.4183.121)
For documentation on this error, please visit: https://www.seleniumhq.org/exceptions/no_such_element.html
Build info: version: '3.141.59', revision: 'e82be7d358', time: '2018-11-14T08:17:03'
System info: host: 'Syeds-MacBook-Pro.local', ip: '2604:2000:b102:8800:24ab:2c28:90a:c5df%en0', os.name: 'Mac OS X', os.arch: 'x86_64', os.version: '10.14.6', java.version: '11.0.8'
Driver info: org.openqa.selenium.chrome.ChromeDriver
Capabilities {acceptInsecureCerts: false, browserName: chrome, browserVersion: 85.0.4183.121, chrome: {chromedriverVersion: 85.0.4183.87 (cd6713ebf92fa..., userDataDir: /var/folders/4y/llbfbmfx3tv...}, goog:chromeOptions: {debuggerAddress: localhost:50350}, javascriptEnabled: true, networkConnectionEnabled: false, pageLoadStrategy: normal, platform: MAC, platformName: MAC, proxy: Proxy(), setWindowRect: true, strictFileInteractability: false, timeouts: {implicit: 0, pageLoad: 300000, script: 30000}, unhandledPromptBehavior: dismiss and notify, webauthn:virtualAuthenticators: true}
Session ID: 5e7af19fbcbc9b91c78f753280cd1377
*** Element info: {Using=xpath, value=//input[@name='loginEmail']}
	at java.base/jdk.internal.reflect.NativeConstructorAccessorImpl.newInstance0(Native Method)
	at java.base/jdk.internal.reflect.NativeConstructorAccessorImpl.newInstance(NativeConstructorAccessorImpl.java:62)
	at java.base/jdk.internal.reflect.DelegatingConstructorAccessorImpl.newInstance(DelegatingConstructorAccessorImpl.java:45)
	at java.base/java.lang.reflect.Constructor.newInstance(Constructor.java:490)
	at org.openqa.selenium.remote.http.W3CHttpResponseCodec.createException(W3CHttpResponseCodec.java:187)
	at org.openqa.selenium.remote.http.W3CHttpResponseCodec.decode(W3CHttpResponseCodec.java:122)
	at org.openqa.selenium.remote.http.W3CHttpResponseCodec.decode(W3CHttpResponseCodec.java:49)
	at org.openqa.selenium.remote.HttpCommandExecutor.execute(HttpCommandExecutor.java:158)
	at org.openqa.selenium.remote.service.DriverCommandExecutor.execute(DriverCommandExecutor.java:83)
	at org.openqa.selenium.remote.RemoteWebDriver.execute(RemoteWebDriver.java:552)
	at org.openqa.selenium.remote.RemoteWebDriver.findElement(RemoteWebDriver.java:323)
	at org.openqa.selenium.remote.RemoteWebDriver.findElementByXPath(RemoteWebDriver.java:428)
	at org.openqa.selenium.By$ByXPath.findElement(By.java:353)
	at org.openqa.selenium.remote.RemoteWebDriver.findElement(RemoteWebDriver.java:315)
	at org.openqa.selenium.support.pagefactory.DefaultElementLocator.findElement(DefaultElementLocator.java:69)
	at org.openqa.selenium.support.pagefactory.internal.LocatingElementHandler.invoke(LocatingElementHandler.java:38)
	at com.sun.proxy.$Proxy24.sendKeys(Unknown Source)
	at common.WebAPI.typeOnElement(WebAPI.java:226)
	at cnnhome.CnnHomePage.enterEmailIntoEmailField(CnnHomePage.java:86)
	at stepdefinitions.CnnHomeStepsDefinitions.i_enter_into_email_text_field(CnnHomeStepsDefinitions.java:53)
	at âœ½.I enter "pntp.2020@gmail.com" into email text field(file:///Users/syedhussain/IdeaProjects/BDDWebAutomationFramework_WA_NY_Team2/CNN/src/test/java/features/CnnSignup.feature:23)
]]>
        </failure>
    </testcase>
    <testcase classname="Cnn Sign up" name="Sign up  with invalid zipcode" time="27.185">
        <failure message="no such element: Unable to locate element: {&quot;method&quot;:&quot;xpath&quot;,&quot;selector&quot;:&quot;//input[@name='loginEmail']&quot;}&#10;  (Session info: chrome=85.0.4183.121)&#10;For documentation on this error, please visit: https://www.seleniumhq.org/exceptions/no_such_element.html&#10;Build info: version: '3.141.59', revision: 'e82be7d358', time: '2018-11-14T08:17:03'&#10;System info: host: 'Syeds-MacBook-Pro.local', ip: '2604:2000:b102:8800:24ab:2c28:90a:c5df%en0', os.name: 'Mac OS X', os.arch: 'x86_64', os.version: '10.14.6', java.version: '11.0.8'&#10;Driver info: org.openqa.selenium.chrome.ChromeDriver&#10;Capabilities {acceptInsecureCerts: false, browserName: chrome, browserVersion: 85.0.4183.121, chrome: {chromedriverVersion: 85.0.4183.87 (cd6713ebf92fa..., userDataDir: /var/folders/4y/llbfbmfx3tv...}, goog:chromeOptions: {debuggerAddress: localhost:50737}, javascriptEnabled: true, networkConnectionEnabled: false, pageLoadStrategy: normal, platform: MAC, platformName: MAC, proxy: Proxy(), setWindowRect: true, strictFileInteractability: false, timeouts: {implicit: 0, pageLoad: 300000, script: 30000}, unhandledPromptBehavior: dismiss and notify, webauthn:virtualAuthenticators: true}&#10;Session ID: 6f94f6001c8f53eb05232ab38c7653d4&#10;*** Element info: {Using=xpath, value=//input[@name='loginEmail']}" type="org.openqa.selenium.NoSuchElementException">
            <![CDATA[Given I am on cnn home page.................................................passed
When I click on user account button.........................................passed
And I click on sign up link.................................................passed
And I enter "pntp.2020@gmail.com" into email text field.....................failed
And I enter "asdfghj" into password text field..............................skipped
And I enter "11435" into the zipcode text field.............................skipped
And I click on register button..............................................skipped
Then I verify invalid zipcode message.......................................skipped

StackTrace:
org.openqa.selenium.NoSuchElementException: no such element: Unable to locate element: {"method":"xpath","selector":"//input[@name='loginEmail']"}
  (Session info: chrome=85.0.4183.121)
For documentation on this error, please visit: https://www.seleniumhq.org/exceptions/no_such_element.html
Build info: version: '3.141.59', revision: 'e82be7d358', time: '2018-11-14T08:17:03'
System info: host: 'Syeds-MacBook-Pro.local', ip: '2604:2000:b102:8800:24ab:2c28:90a:c5df%en0', os.name: 'Mac OS X', os.arch: 'x86_64', os.version: '10.14.6', java.version: '11.0.8'
Driver info: org.openqa.selenium.chrome.ChromeDriver
Capabilities {acceptInsecureCerts: false, browserName: chrome, browserVersion: 85.0.4183.121, chrome: {chromedriverVersion: 85.0.4183.87 (cd6713ebf92fa..., userDataDir: /var/folders/4y/llbfbmfx3tv...}, goog:chromeOptions: {debuggerAddress: localhost:50737}, javascriptEnabled: true, networkConnectionEnabled: false, pageLoadStrategy: normal, platform: MAC, platformName: MAC, proxy: Proxy(), setWindowRect: true, strictFileInteractability: false, timeouts: {implicit: 0, pageLoad: 300000, script: 30000}, unhandledPromptBehavior: dismiss and notify, webauthn:virtualAuthenticators: true}
Session ID: 6f94f6001c8f53eb05232ab38c7653d4
*** Element info: {Using=xpath, value=//input[@name='loginEmail']}
	at java.base/jdk.internal.reflect.NativeConstructorAccessorImpl.newInstance0(Native Method)
	at java.base/jdk.internal.reflect.NativeConstructorAccessorImpl.newInstance(NativeConstructorAccessorImpl.java:62)
	at java.base/jdk.internal.reflect.DelegatingConstructorAccessorImpl.newInstance(DelegatingConstructorAccessorImpl.java:45)
	at java.base/java.lang.reflect.Constructor.newInstance(Constructor.java:490)
	at org.openqa.selenium.remote.http.W3CHttpResponseCodec.createException(W3CHttpResponseCodec.java:187)
	at org.openqa.selenium.remote.http.W3CHttpResponseCodec.decode(W3CHttpResponseCodec.java:122)
	at org.openqa.selenium.remote.http.W3CHttpResponseCodec.decode(W3CHttpResponseCodec.java:49)
	at org.openqa.selenium.remote.HttpCommandExecutor.execute(HttpCommandExecutor.java:158)
	at org.openqa.selenium.remote.service.DriverCommandExecutor.execute(DriverCommandExecutor.java:83)
	at org.openqa.selenium.remote.RemoteWebDriver.execute(RemoteWebDriver.java:552)
	at org.openqa.selenium.remote.RemoteWebDriver.findElement(RemoteWebDriver.java:323)
	at org.openqa.selenium.remote.RemoteWebDriver.findElementByXPath(RemoteWebDriver.java:428)
	at org.openqa.selenium.By$ByXPath.findElement(By.java:353)
	at org.openqa.selenium.remote.RemoteWebDriver.findElement(RemoteWebDriver.java:315)
	at org.openqa.selenium.support.pagefactory.DefaultElementLocator.findElement(DefaultElementLocator.java:69)
	at org.openqa.selenium.support.pagefactory.internal.LocatingElementHandler.invoke(LocatingElementHandler.java:38)
	at com.sun.proxy.$Proxy24.sendKeys(Unknown Source)
	at common.WebAPI.typeOnElement(WebAPI.java:226)
	at cnnhome.CnnHomePage.enterEmailIntoEmailField(CnnHomePage.java:86)
	at stepdefinitions.CnnHomeStepsDefinitions.i_enter_into_email_text_field(CnnHomeStepsDefinitions.java:53)
	at âœ½.I enter "pntp.2020@gmail.com" into email text field(file:///Users/syedhussain/IdeaProjects/BDDWebAutomationFramework_WA_NY_Team2/CNN/src/test/java/features/CnnSignup.feature:33)
]]>
        </failure>
    </testcase>
    <testcase classname="Cnn Sign up" name=": Sign up with valid credentials" time="14.448">
        <system-out>
            <![CDATA[Given I am on cnn home page.................................................passed
When I click on user account button.........................................passed
And I click on sign up link.................................................passed
And I enter "pntp.2020@gmail.com" into the eamil text field.................passed
And I enter "Test2020@" into the password text field........................passed
And I enter "11435" into the zipcode text field.............................passed
And I click on register button..............................................passed
Then I verify that account is valid.........................................passed
]]>
        </system-out>
    </testcase>
    <testcase classname="Cnn Sign up" name=": Sign up with Invalid credentials" time="27.64">
        <failure message="no such element: Unable to locate element: {&quot;method&quot;:&quot;xpath&quot;,&quot;selector&quot;:&quot;//div[@class='Text-sc-1amvtpj-0 indexes__FeedbackText-sc-1l7akfd-32 iygQsz']&quot;}&#10;  (Session info: chrome=85.0.4183.121)&#10;For documentation on this error, please visit: https://www.seleniumhq.org/exceptions/no_such_element.html&#10;Build info: version: '3.141.59', revision: 'e82be7d358', time: '2018-11-14T08:17:03'&#10;System info: host: 'Syeds-MacBook-Pro.local', ip: '2604:2000:b102:8800:24ab:2c28:90a:c5df%en0', os.name: 'Mac OS X', os.arch: 'x86_64', os.version: '10.14.6', java.version: '11.0.8'&#10;Driver info: org.openqa.selenium.chrome.ChromeDriver&#10;Capabilities {acceptInsecureCerts: false, browserName: chrome, browserVersion: 85.0.4183.121, chrome: {chromedriverVersion: 85.0.4183.87 (cd6713ebf92fa..., userDataDir: /var/folders/4y/llbfbmfx3tv...}, goog:chromeOptions: {debuggerAddress: localhost:51410}, javascriptEnabled: true, networkConnectionEnabled: false, pageLoadStrategy: normal, platform: MAC, platformName: MAC, proxy: Proxy(), setWindowRect: true, strictFileInteractability: false, timeouts: {implicit: 0, pageLoad: 300000, script: 30000}, unhandledPromptBehavior: dismiss and notify, webauthn:virtualAuthenticators: true}&#10;Session ID: 21e18c74c8b07399b99a49312adef205&#10;*** Element info: {Using=xpath, value=//div[@class='Text-sc-1amvtpj-0 indexes__FeedbackText-sc-1l7akfd-32 iygQsz']}" type="org.openqa.selenium.NoSuchElementException">
            <![CDATA[Given I am on cnn home page.................................................passed
When I click on user account button.........................................passed
And I click on sign up link.................................................passed
And I enter "asdf" into the eamil text field................................passed
And I enter "Test1234@" into the password text field........................passed
And I enter "11435" into the zipcode text field.............................passed
And I click on register button..............................................passed
Then I verify the "<errorMsg>" for invalid sign up..........................failed

StackTrace:
org.openqa.selenium.NoSuchElementException: no such element: Unable to locate element: {"method":"xpath","selector":"//div[@class='Text-sc-1amvtpj-0 indexes__FeedbackText-sc-1l7akfd-32 iygQsz']"}
  (Session info: chrome=85.0.4183.121)
For documentation on this error, please visit: https://www.seleniumhq.org/exceptions/no_such_element.html
Build info: version: '3.141.59', revision: 'e82be7d358', time: '2018-11-14T08:17:03'
System info: host: 'Syeds-MacBook-Pro.local', ip: '2604:2000:b102:8800:24ab:2c28:90a:c5df%en0', os.name: 'Mac OS X', os.arch: 'x86_64', os.version: '10.14.6', java.version: '11.0.8'
Driver info: org.openqa.selenium.chrome.ChromeDriver
Capabilities {acceptInsecureCerts: false, browserName: chrome, browserVersion: 85.0.4183.121, chrome: {chromedriverVersion: 85.0.4183.87 (cd6713ebf92fa..., userDataDir: /var/folders/4y/llbfbmfx3tv...}, goog:chromeOptions: {debuggerAddress: localhost:51410}, javascriptEnabled: true, networkConnectionEnabled: false, pageLoadStrategy: normal, platform: MAC, platformName: MAC, proxy: Proxy(), setWindowRect: true, strictFileInteractability: false, timeouts: {implicit: 0, pageLoad: 300000, script: 30000}, unhandledPromptBehavior: dismiss and notify, webauthn:virtualAuthenticators: true}
Session ID: 21e18c74c8b07399b99a49312adef205
*** Element info: {Using=xpath, value=//div[@class='Text-sc-1amvtpj-0 indexes__FeedbackText-sc-1l7akfd-32 iygQsz']}
	at java.base/jdk.internal.reflect.NativeConstructorAccessorImpl.newInstance0(Native Method)
	at java.base/jdk.internal.reflect.NativeConstructorAccessorImpl.newInstance(NativeConstructorAccessorImpl.java:62)
	at java.base/jdk.internal.reflect.DelegatingConstructorAccessorImpl.newInstance(DelegatingConstructorAccessorImpl.java:45)
	at java.base/java.lang.reflect.Constructor.newInstance(Constructor.java:490)
	at org.openqa.selenium.remote.http.W3CHttpResponseCodec.createException(W3CHttpResponseCodec.java:187)
	at org.openqa.selenium.remote.http.W3CHttpResponseCodec.decode(W3CHttpResponseCodec.java:122)
	at org.openqa.selenium.remote.http.W3CHttpResponseCodec.decode(W3CHttpResponseCodec.java:49)
	at org.openqa.selenium.remote.HttpCommandExecutor.execute(HttpCommandExecutor.java:158)
	at org.openqa.selenium.remote.service.DriverCommandExecutor.execute(DriverCommandExecutor.java:83)
	at org.openqa.selenium.remote.RemoteWebDriver.execute(RemoteWebDriver.java:552)
	at org.openqa.selenium.remote.RemoteWebDriver.findElement(RemoteWebDriver.java:323)
	at org.openqa.selenium.remote.RemoteWebDriver.findElementByXPath(RemoteWebDriver.java:428)
	at org.openqa.selenium.By$ByXPath.findElement(By.java:353)
	at org.openqa.selenium.remote.RemoteWebDriver.findElement(RemoteWebDriver.java:315)
	at org.openqa.selenium.support.pagefactory.DefaultElementLocator.findElement(DefaultElementLocator.java:69)
	at org.openqa.selenium.support.pagefactory.internal.LocatingElementHandler.invoke(LocatingElementHandler.java:38)
	at com.sun.proxy.$Proxy24.getText(Unknown Source)
	at cnnhome.CnnHomePage.invalidSignUpText(CnnHomePage.java:149)
	at stepdefinitions.CnnHomeStepsDefinitions.i_verify_the_for_invalid_sign_up(CnnHomeStepsDefinitions.java:136)
	at âœ½.I verify the "<errorMsg>" for invalid sign up(file:///Users/syedhussain/IdeaProjects/BDDWebAutomationFramework_WA_NY_Team2/CNN/src/test/java/features/CnnSignup.feature:61)
]]>
        </failure>
    </testcase>
    <testcase classname="Cnn Sign up" name=": Sign up with Invalid credentials 2" time="28.169">
        <failure message="no such element: Unable to locate element: {&quot;method&quot;:&quot;xpath&quot;,&quot;selector&quot;:&quot;//div[@class='Text-sc-1amvtpj-0 indexes__FeedbackText-sc-1l7akfd-32 iygQsz']&quot;}&#10;  (Session info: chrome=85.0.4183.121)&#10;For documentation on this error, please visit: https://www.seleniumhq.org/exceptions/no_such_element.html&#10;Build info: version: '3.141.59', revision: 'e82be7d358', time: '2018-11-14T08:17:03'&#10;System info: host: 'Syeds-MacBook-Pro.local', ip: '2604:2000:b102:8800:24ab:2c28:90a:c5df%en0', os.name: 'Mac OS X', os.arch: 'x86_64', os.version: '10.14.6', java.version: '11.0.8'&#10;Driver info: org.openqa.selenium.chrome.ChromeDriver&#10;Capabilities {acceptInsecureCerts: false, browserName: chrome, browserVersion: 85.0.4183.121, chrome: {chromedriverVersion: 85.0.4183.87 (cd6713ebf92fa..., userDataDir: /var/folders/4y/llbfbmfx3tv...}, goog:chromeOptions: {debuggerAddress: localhost:51777}, javascriptEnabled: true, networkConnectionEnabled: false, pageLoadStrategy: normal, platform: MAC, platformName: MAC, proxy: Proxy(), setWindowRect: true, strictFileInteractability: false, timeouts: {implicit: 0, pageLoad: 300000, script: 30000}, unhandledPromptBehavior: dismiss and notify, webauthn:virtualAuthenticators: true}&#10;Session ID: 123a859f4f2e7e0160ba32f1799f86c8&#10;*** Element info: {Using=xpath, value=//div[@class='Text-sc-1amvtpj-0 indexes__FeedbackText-sc-1l7akfd-32 iygQsz']}" type="org.openqa.selenium.NoSuchElementException">
            <![CDATA[Given I am on cnn home page.................................................passed
When I click on user account button.........................................passed
And I click on sign up link.................................................passed
And I enter "test@Gmail.com" into the eamil text field......................passed
And I enter "12345678" into the password text field.........................passed
And I enter "11435" into the zipcode text field.............................passed
And I click on register button..............................................passed
Then I verify the "<errorMsg>" for invalid sign up..........................failed

StackTrace:
org.openqa.selenium.NoSuchElementException: no such element: Unable to locate element: {"method":"xpath","selector":"//div[@class='Text-sc-1amvtpj-0 indexes__FeedbackText-sc-1l7akfd-32 iygQsz']"}
  (Session info: chrome=85.0.4183.121)
For documentation on this error, please visit: https://www.seleniumhq.org/exceptions/no_such_element.html
Build info: version: '3.141.59', revision: 'e82be7d358', time: '2018-11-14T08:17:03'
System info: host: 'Syeds-MacBook-Pro.local', ip: '2604:2000:b102:8800:24ab:2c28:90a:c5df%en0', os.name: 'Mac OS X', os.arch: 'x86_64', os.version: '10.14.6', java.version: '11.0.8'
Driver info: org.openqa.selenium.chrome.ChromeDriver
Capabilities {acceptInsecureCerts: false, browserName: chrome, browserVersion: 85.0.4183.121, chrome: {chromedriverVersion: 85.0.4183.87 (cd6713ebf92fa..., userDataDir: /var/folders/4y/llbfbmfx3tv...}, goog:chromeOptions: {debuggerAddress: localhost:51777}, javascriptEnabled: true, networkConnectionEnabled: false, pageLoadStrategy: normal, platform: MAC, platformName: MAC, proxy: Proxy(), setWindowRect: true, strictFileInteractability: false, timeouts: {implicit: 0, pageLoad: 300000, script: 30000}, unhandledPromptBehavior: dismiss and notify, webauthn:virtualAuthenticators: true}
Session ID: 123a859f4f2e7e0160ba32f1799f86c8
*** Element info: {Using=xpath, value=//div[@class='Text-sc-1amvtpj-0 indexes__FeedbackText-sc-1l7akfd-32 iygQsz']}
	at java.base/jdk.internal.reflect.NativeConstructorAccessorImpl.newInstance0(Native Method)
	at java.base/jdk.internal.reflect.NativeConstructorAccessorImpl.newInstance(NativeConstructorAccessorImpl.java:62)
	at java.base/jdk.internal.reflect.DelegatingConstructorAccessorImpl.newInstance(DelegatingConstructorAccessorImpl.java:45)
	at java.base/java.lang.reflect.Constructor.newInstance(Constructor.java:490)
	at org.openqa.selenium.remote.http.W3CHttpResponseCodec.createException(W3CHttpResponseCodec.java:187)
	at org.openqa.selenium.remote.http.W3CHttpResponseCodec.decode(W3CHttpResponseCodec.java:122)
	at org.openqa.selenium.remote.http.W3CHttpResponseCodec.decode(W3CHttpResponseCodec.java:49)
	at org.openqa.selenium.remote.HttpCommandExecutor.execute(HttpCommandExecutor.java:158)
	at org.openqa.selenium.remote.service.DriverCommandExecutor.execute(DriverCommandExecutor.java:83)
	at org.openqa.selenium.remote.RemoteWebDriver.execute(RemoteWebDriver.java:552)
	at org.openqa.selenium.remote.RemoteWebDriver.findElement(RemoteWebDriver.java:323)
	at org.openqa.selenium.remote.RemoteWebDriver.findElementByXPath(RemoteWebDriver.java:428)
	at org.openqa.selenium.By$ByXPath.findElement(By.java:353)
	at org.openqa.selenium.remote.RemoteWebDriver.findElement(RemoteWebDriver.java:315)
	at org.openqa.selenium.support.pagefactory.DefaultElementLocator.findElement(DefaultElementLocator.java:69)
	at org.openqa.selenium.support.pagefactory.internal.LocatingElementHandler.invoke(LocatingElementHandler.java:38)
	at com.sun.proxy.$Proxy24.getText(Unknown Source)
	at cnnhome.CnnHomePage.invalidSignUpText(CnnHomePage.java:149)
	at stepdefinitions.CnnHomeStepsDefinitions.i_verify_the_for_invalid_sign_up(CnnHomeStepsDefinitions.java:136)
	at âœ½.I verify the "<errorMsg>" for invalid sign up(file:///Users/syedhussain/IdeaProjects/BDDWebAutomationFramework_WA_NY_Team2/CNN/src/test/java/features/CnnSignup.feature:61)
]]>
        </failure>
    </testcase>
    <testcase classname="Cnn Sign up" name=": Sign up with Invalid credentials 3" time="28.917">
        <failure message="no such element: Unable to locate element: {&quot;method&quot;:&quot;xpath&quot;,&quot;selector&quot;:&quot;//div[@class='Text-sc-1amvtpj-0 indexes__FeedbackText-sc-1l7akfd-32 iygQsz']&quot;}&#10;  (Session info: chrome=85.0.4183.121)&#10;For documentation on this error, please visit: https://www.seleniumhq.org/exceptions/no_such_element.html&#10;Build info: version: '3.141.59', revision: 'e82be7d358', time: '2018-11-14T08:17:03'&#10;System info: host: 'Syeds-MacBook-Pro.local', ip: '2604:2000:b102:8800:24ab:2c28:90a:c5df%en0', os.name: 'Mac OS X', os.arch: 'x86_64', os.version: '10.14.6', java.version: '11.0.8'&#10;Driver info: org.openqa.selenium.chrome.ChromeDriver&#10;Capabilities {acceptInsecureCerts: false, browserName: chrome, browserVersion: 85.0.4183.121, chrome: {chromedriverVersion: 85.0.4183.87 (cd6713ebf92fa..., userDataDir: /var/folders/4y/llbfbmfx3tv...}, goog:chromeOptions: {debuggerAddress: localhost:52140}, javascriptEnabled: true, networkConnectionEnabled: false, pageLoadStrategy: normal, platform: MAC, platformName: MAC, proxy: Proxy(), setWindowRect: true, strictFileInteractability: false, timeouts: {implicit: 0, pageLoad: 300000, script: 30000}, unhandledPromptBehavior: dismiss and notify, webauthn:virtualAuthenticators: true}&#10;Session ID: f4a56ee8dbda1da8bd6d0c673c8b7a23&#10;*** Element info: {Using=xpath, value=//div[@class='Text-sc-1amvtpj-0 indexes__FeedbackText-sc-1l7akfd-32 iygQsz']}" type="org.openqa.selenium.NoSuchElementException">
            <![CDATA[Given I am on cnn home page.................................................passed
When I click on user account button.........................................passed
And I click on sign up link.................................................passed
And I enter "test@Gmail.com" into the eamil text field......................passed
And I enter "Test1234@" into the password text field........................passed
And I enter "abcde" into the zipcode text field.............................passed
And I click on register button..............................................passed
Then I verify the "<errorMsg>" for invalid sign up..........................failed

StackTrace:
org.openqa.selenium.NoSuchElementException: no such element: Unable to locate element: {"method":"xpath","selector":"//div[@class='Text-sc-1amvtpj-0 indexes__FeedbackText-sc-1l7akfd-32 iygQsz']"}
  (Session info: chrome=85.0.4183.121)
For documentation on this error, please visit: https://www.seleniumhq.org/exceptions/no_such_element.html
Build info: version: '3.141.59', revision: 'e82be7d358', time: '2018-11-14T08:17:03'
System info: host: 'Syeds-MacBook-Pro.local', ip: '2604:2000:b102:8800:24ab:2c28:90a:c5df%en0', os.name: 'Mac OS X', os.arch: 'x86_64', os.version: '10.14.6', java.version: '11.0.8'
Driver info: org.openqa.selenium.chrome.ChromeDriver
Capabilities {acceptInsecureCerts: false, browserName: chrome, browserVersion: 85.0.4183.121, chrome: {chromedriverVersion: 85.0.4183.87 (cd6713ebf92fa..., userDataDir: /var/folders/4y/llbfbmfx3tv...}, goog:chromeOptions: {debuggerAddress: localhost:52140}, javascriptEnabled: true, networkConnectionEnabled: false, pageLoadStrategy: normal, platform: MAC, platformName: MAC, proxy: Proxy(), setWindowRect: true, strictFileInteractability: false, timeouts: {implicit: 0, pageLoad: 300000, script: 30000}, unhandledPromptBehavior: dismiss and notify, webauthn:virtualAuthenticators: true}
Session ID: f4a56ee8dbda1da8bd6d0c673c8b7a23
*** Element info: {Using=xpath, value=//div[@class='Text-sc-1amvtpj-0 indexes__FeedbackText-sc-1l7akfd-32 iygQsz']}
	at java.base/jdk.internal.reflect.NativeConstructorAccessorImpl.newInstance0(Native Method)
	at java.base/jdk.internal.reflect.NativeConstructorAccessorImpl.newInstance(NativeConstructorAccessorImpl.java:62)
	at java.base/jdk.internal.reflect.DelegatingConstructorAccessorImpl.newInstance(DelegatingConstructorAccessorImpl.java:45)
	at java.base/java.lang.reflect.Constructor.newInstance(Constructor.java:490)
	at org.openqa.selenium.remote.http.W3CHttpResponseCodec.createException(W3CHttpResponseCodec.java:187)
	at org.openqa.selenium.remote.http.W3CHttpResponseCodec.decode(W3CHttpResponseCodec.java:122)
	at org.openqa.selenium.remote.http.W3CHttpResponseCodec.decode(W3CHttpResponseCodec.java:49)
	at org.openqa.selenium.remote.HttpCommandExecutor.execute(HttpCommandExecutor.java:158)
	at org.openqa.selenium.remote.service.DriverCommandExecutor.execute(DriverCommandExecutor.java:83)
	at org.openqa.selenium.remote.RemoteWebDriver.execute(RemoteWebDriver.java:552)
	at org.openqa.selenium.remote.RemoteWebDriver.findElement(RemoteWebDriver.java:323)
	at org.openqa.selenium.remote.RemoteWebDriver.findElementByXPath(RemoteWebDriver.java:428)
	at org.openqa.selenium.By$ByXPath.findElement(By.java:353)
	at org.openqa.selenium.remote.RemoteWebDriver.findElement(RemoteWebDriver.java:315)
	at org.openqa.selenium.support.pagefactory.DefaultElementLocator.findElement(DefaultElementLocator.java:69)
	at org.openqa.selenium.support.pagefactory.internal.LocatingElementHandler.invoke(LocatingElementHandler.java:38)
	at com.sun.proxy.$Proxy24.getText(Unknown Source)
	at cnnhome.CnnHomePage.invalidSignUpText(CnnHomePage.java:149)
	at stepdefinitions.CnnHomeStepsDefinitions.i_verify_the_for_invalid_sign_up(CnnHomeStepsDefinitions.java:136)
	at âœ½.I verify the "<errorMsg>" for invalid sign up(file:///Users/syedhussain/IdeaProjects/BDDWebAutomationFramework_WA_NY_Team2/CNN/src/test/java/features/CnnSignup.feature:61)
]]>
        </failure>
    </testcase>
</testsuite>
